Using pre-set license
Built from '2022.3/staging' branch; Version is '2022.3.52f1 (1120fcb54228) revision 1122556'; Using compiler version '192829333'; Build Type 'Release'
OS: 'Windows 11  (10.0.26100) 64bit Core' Language: 'nl' Physical Memory: 32547 MB
BatchMode: 1, IsHumanControllingUs: 0, StartBugReporterOnCrash: 0, Is64bit: 1, IsPro: 1

COMMAND LINE ARGUMENTS:
C:\Program Files\Unity\Hub\Editor\2022.3.52f1\Editor\Unity.exe
-adb2
-batchMode
-noUpm
-name
AssetImportWorker3
-projectPath
C:/projects2024school/GitHub/portefolio/Year2/Quarter4/prototyping/Quest2
-logFile
Logs/AssetImportWorker3.log
-srvPort
54491
Successfully changed project path to: C:/projects2024school/GitHub/portefolio/Year2/Quarter4/prototyping/Quest2
C:/projects2024school/GitHub/portefolio/Year2/Quarter4/prototyping/Quest2
[UnityMemory] Configuration Parameters - Can be set up in boot.config
    "memorysetup-bucket-allocator-granularity=16"
    "memorysetup-bucket-allocator-bucket-count=8"
    "memorysetup-bucket-allocator-block-size=33554432"
    "memorysetup-bucket-allocator-block-count=8"
    "memorysetup-main-allocator-block-size=16777216"
    "memorysetup-thread-allocator-block-size=16777216"
    "memorysetup-gfx-main-allocator-block-size=16777216"
    "memorysetup-gfx-thread-allocator-block-size=16777216"
    "memorysetup-cache-allocator-block-size=4194304"
    "memorysetup-typetree-allocator-block-size=2097152"
    "memorysetup-profiler-bucket-allocator-granularity=16"
    "memorysetup-profiler-bucket-allocator-bucket-count=8"
    "memorysetup-profiler-bucket-allocator-block-size=33554432"
    "memorysetup-profiler-bucket-allocator-block-count=8"
    "memorysetup-profiler-allocator-block-size=16777216"
    "memorysetup-profiler-editor-allocator-block-size=1048576"
    "memorysetup-temp-allocator-size-main=16777216"
    "memorysetup-job-temp-allocator-block-size=2097152"
    "memorysetup-job-temp-allocator-block-size-background=1048576"
    "memorysetup-job-temp-allocator-reduction-small-platforms=262144"
    "memorysetup-allocator-temp-initial-block-size-main=262144"
    "memorysetup-allocator-temp-initial-block-size-worker=262144"
    "memorysetup-temp-allocator-size-background-worker=32768"
    "memorysetup-temp-allocator-size-job-worker=262144"
    "memorysetup-temp-allocator-size-preload-manager=33554432"
    "memorysetup-temp-allocator-size-nav-mesh-worker=65536"
    "memorysetup-temp-allocator-size-audio-worker=65536"
    "memorysetup-temp-allocator-size-cloud-worker=32768"
    "memorysetup-temp-allocator-size-gi-baking-worker=262144"
    "memorysetup-temp-allocator-size-gfx=262144"
Player connection [9684]  Target information:

Player connection [9684]  * "[IP] 192.168.2.7 [Port] 0 [Flags] 2 [Guid] 2593215823 [EditorId] 2593215823 [Version] 1048832 [Id] WindowsEditor(7,LAPTOP-226Q1J2E) [Debug] 1 [PackageName] WindowsEditor [ProjectName] Editor" 

Player connection [9684] Host joined multi-casting on [225.0.0.222:54997]...
Player connection [9684] Host joined alternative multi-casting on [225.0.0.222:34997]...
[PhysX] Initialized MultithreadedTaskDispatcher with 16 workers.
Refreshing native plugins compatible for Editor in 194.46 ms, found 4 plugins.
Preloading 0 native plugins for Editor in 0.00 ms.
Initialize engine version: 2022.3.52f1 (1120fcb54228)
[Subsystems] Discovering subsystems at path C:/Program Files/Unity/Hub/Editor/2022.3.52f1/Editor/Data/Resources/UnitySubsystems
[Subsystems] Discovering subsystems at path C:/projects2024school/GitHub/portefolio/Year2/Quarter4/prototyping/Quest2/Assets
GfxDevice: creating device client; threaded=0; jobified=0
Direct3D:
    Version:  Direct3D 11.0 [level 11.1]
    Renderer: NVIDIA GeForce RTX 3070 Laptop GPU (ID=0x249d)
    Vendor:   NVIDIA
    VRAM:     8044 MB
    Driver:   30.0.15.1274
Initialize mono
Mono path[0] = 'C:/Program Files/Unity/Hub/Editor/2022.3.52f1/Editor/Data/Managed'
Mono path[1] = 'C:/Program Files/Unity/Hub/Editor/2022.3.52f1/Editor/Data/MonoBleedingEdge/lib/mono/unityjit-win32'
Mono config path = 'C:/Program Files/Unity/Hub/Editor/2022.3.52f1/Editor/Data/MonoBleedingEdge/etc'
Using monoOptions --debugger-agent=transport=dt_socket,embedding=1,server=y,suspend=n,address=127.0.0.1:56288
Begin MonoManager ReloadAssembly
Registering precompiled unity dll's ...
Register platform support module: C:/Program Files/Unity/Hub/Editor/2022.3.52f1/Editor/Data/PlaybackEngines/AndroidPlayer/UnityEditor.Android.Extensions.dll
Register platform support module: C:/Program Files/Unity/Hub/Editor/2022.3.52f1/Editor/Data/PlaybackEngines/WindowsStandaloneSupport/UnityEditor.WindowsStandalone.Extensions.dll
Registered in 0.010469 seconds.
- Loaded All Assemblies, in  1.204 seconds
Native extension for WindowsStandalone target not found
Native extension for Android target not found
Android Extension - Scanning For ADB Devices 340 ms
Mono: successfully reloaded assembly
- Finished resetting the current domain, in  0.768 seconds
Domain Reload Profiling: 1970ms
	BeginReloadAssembly (129ms)
		ExecutionOrderSort (0ms)
		DisableScriptedObjects (0ms)
		BackupInstance (0ms)
		ReleaseScriptingObjects (0ms)
		CreateAndSetChildDomain (1ms)
	RebuildCommonClasses (238ms)
	RebuildNativeTypeToScriptingClass (14ms)
	initialDomainReloadingComplete (75ms)
	LoadAllAssembliesAndSetupDomain (745ms)
		LoadAssemblies (126ms)
		RebuildTransferFunctionScriptingTraits (0ms)
		AnalyzeDomain (742ms)
			TypeCache.Refresh (740ms)
				TypeCache.ScanAssembly (722ms)
			ScanForSourceGeneratedMonoScriptInfo (0ms)
			ResolveRequiredComponents (1ms)
	FinalizeReload (769ms)
		ReleaseScriptCaches (0ms)
		RebuildScriptCaches (0ms)
		SetupLoadedEditorAssemblies (706ms)
			LogAssemblyErrors (0ms)
			InitializePlatformSupportModulesInManaged (478ms)
			SetLoadedEditorAssemblies (5ms)
			RefreshPlugins (0ms)
			BeforeProcessingInitializeOnLoad (3ms)
			ProcessInitializeOnLoadAttributes (150ms)
			ProcessInitializeOnLoadMethodAttributes (70ms)
			AfterProcessingInitializeOnLoad (0ms)
			EditorAssembliesLoaded (0ms)
		ExecutionOrderSort2 (0ms)
		AwakeInstancesAfterBackupRestoration (0ms)
========================================================================
Worker process is ready to serve import requests
Caller must complete domain reload
Begin MonoManager ReloadAssembly
- Loaded All Assemblies, in  1.029 seconds
Native extension for WindowsStandalone target not found
Native extension for Android target not found
Mono: successfully reloaded assembly
- Finished resetting the current domain, in  0.817 seconds
Domain Reload Profiling: 1839ms
	BeginReloadAssembly (183ms)
		ExecutionOrderSort (0ms)
		DisableScriptedObjects (7ms)
		BackupInstance (0ms)
		ReleaseScriptingObjects (0ms)
		CreateAndSetChildDomain (30ms)
	RebuildCommonClasses (44ms)
	RebuildNativeTypeToScriptingClass (16ms)
	initialDomainReloadingComplete (57ms)
	LoadAllAssembliesAndSetupDomain (722ms)
		LoadAssemblies (375ms)
		RebuildTransferFunctionScriptingTraits (0ms)
		AnalyzeDomain (449ms)
			TypeCache.Refresh (416ms)
				TypeCache.ScanAssembly (323ms)
			ScanForSourceGeneratedMonoScriptInfo (24ms)
			ResolveRequiredComponents (6ms)
	FinalizeReload (817ms)
		ReleaseScriptCaches (0ms)
		RebuildScriptCaches (0ms)
		SetupLoadedEditorAssemblies (596ms)
			LogAssemblyErrors (0ms)
			InitializePlatformSupportModulesInManaged (23ms)
			SetLoadedEditorAssemblies (6ms)
			RefreshPlugins (0ms)
			BeforeProcessingInitializeOnLoad (92ms)
			ProcessInitializeOnLoadAttributes (408ms)
			ProcessInitializeOnLoadMethodAttributes (55ms)
			AfterProcessingInitializeOnLoad (12ms)
			EditorAssembliesLoaded (0ms)
		ExecutionOrderSort2 (0ms)
		AwakeInstancesAfterBackupRestoration (10ms)
Launched and connected shader compiler UnityShaderCompiler.exe after 0.06 seconds
Refreshing native plugins compatible for Editor in 7.70 ms, found 4 plugins.
Preloading 0 native plugins for Editor in 0.00 ms.
Unloading 4012 Unused Serialized files (Serialized files now loaded: 0)
Unloading 38 unused Assets / (241.4 KB). Loaded Objects now: 4479.
Memory consumption went from 143.4 MB to 143.2 MB.
Total: 4.777500 ms (FindLiveObjects: 0.442800 ms CreateObjectMapping: 0.229300 ms MarkObjects: 3.874500 ms  DeleteObjects: 0.229200 ms)

AssetImportParameters requested are different than current active one (requested -> active):
  custom:container-demuxer-ogg: 62fdf1f143b41e24485cea50d1cbac27 -> 
  custom:video-decoder-ogg-theora: a1e56fd34408186e4bbccfd4996cb3dc -> 
  custom:framework-win-MediaFoundation: 216162199b28c13a410421893ffa2e32 -> 
  custom:scripting/monoscript/fileName/Wincondition.cs: c5ca7a334391df23756d97bdbad69525 -> 
  custom:CustomObjectIndexerAttribute: 9a22284fe3817be447336de3de66b15e -> 
  custom:container-demuxer-webm: 4f35f7cbe854078d1ac9338744f61a02 -> 
  custom:container-muxer-webm: aa71ff27fc2769a1b78a27578f13a17b -> 
  custom:video-decoder-webm-vp8: 9c59270c3fd7afecdb556c50c9e8de78 -> 
  custom:SearchIndexIgnoredProperties: e643bd26f0fe6173181afceb89e7c659 -> 
  custom:AudioImporter_EditorPlatform: d09bf68614088b80899f8185d706f6e7 -> 
  custom:scripting/monoscript/fileName/IWincondition.cs: c5ca7a334391df23756d97bdbad69525 -> 
  custom:video-encoder-webm-vp8: eb34c28f22e8b96e1ab97ce403110664 -> 
  custom:audio-decoder-ogg-vorbis: bf7c407c2cedff20999df2af8eb42d56 -> 
  custom:audio-encoder-webm-vorbis: bf7c407c2cedff20999df2af8eb42d56 -> 
========================================================================
Received Import Request.
  Time since last request: 1978589.861246 seconds.
  path: Assets/Imported Assets/platformer-pack-redux-360-assets/PNG/Ground/Planet/planetCliff_right.png
  artifactKey: Guid(bec137d8ddd6aca46801f8762df3a76d) Importer(2089858483,0ecaa5967403d082aa24f35e1b516d23)
Start importing Assets/Imported Assets/platformer-pack-redux-360-assets/PNG/Ground/Planet/planetCliff_right.png using Guid(bec137d8ddd6aca46801f8762df3a76d) Importer(2089858483,0ecaa5967403d082aa24f35e1b516d23) [PhysX] Initialized MultithreadedTaskDispatcher with 16 workers.
 -> (artifact id: 'dacb4c9ee3e753f0058e8a480993a4da') in 0.183996 seconds
Number of updated asset objects reloaded before import = 0
Number of asset objects unloaded after import = 3
========================================================================
Received Import Request.
  Time since last request: 0.000092 seconds.
  path: Assets/Imported Assets/platformer-pack-redux-360-assets/PNG/Ground/Planet/planetHalf_right.png
  artifactKey: Guid(c7be12201fef87045b848188372b078d) Importer(2089858483,0ecaa5967403d082aa24f35e1b516d23)
Start importing Assets/Imported Assets/platformer-pack-redux-360-assets/PNG/Ground/Planet/planetHalf_right.png using Guid(c7be12201fef87045b848188372b078d) Importer(2089858483,0ecaa5967403d082aa24f35e1b516d23) [PhysX] Initialized MultithreadedTaskDispatcher with 16 workers.
 -> (artifact id: 'a0a4729e91a685c088e951c365cedff0') in 0.033130 seconds
Number of updated asset objects reloaded before import = 0
Number of asset objects unloaded after import = 3
========================================================================
Received Import Request.
  Time since last request: 0.000021 seconds.
  path: Assets/Imported Assets/platformer-pack-redux-360-assets/PNG/Ground/Grass/grassHalf_right.png
  artifactKey: Guid(7a6a217a84c4b9441a57dc6f2d174521) Importer(2089858483,0ecaa5967403d082aa24f35e1b516d23)
Start importing Assets/Imported Assets/platformer-pack-redux-360-assets/PNG/Ground/Grass/grassHalf_right.png using Guid(7a6a217a84c4b9441a57dc6f2d174521) Importer(2089858483,0ecaa5967403d082aa24f35e1b516d23) [PhysX] Initialized MultithreadedTaskDispatcher with 16 workers.
 -> (artifact id: '347da4fffd7a927060b36d44697d39f7') in 0.039317 seconds
Number of updated asset objects reloaded before import = 0
Number of asset objects unloaded after import = 3
========================================================================
Received Import Request.
  Time since last request: 0.000021 seconds.
  path: Assets/Imported Assets/platformer-pack-redux-360-assets/PNG/Ground/Grass/grassHalf_mid.png
  artifactKey: Guid(39f15f51ee3a59848a1fe2954c3b4057) Importer(2089858483,0ecaa5967403d082aa24f35e1b516d23)
Start importing Assets/Imported Assets/platformer-pack-redux-360-assets/PNG/Ground/Grass/grassHalf_mid.png using Guid(39f15f51ee3a59848a1fe2954c3b4057) Importer(2089858483,0ecaa5967403d082aa24f35e1b516d23) [PhysX] Initialized MultithreadedTaskDispatcher with 16 workers.
 -> (artifact id: '2fd970fa105b33919f38d0c518ed5189') in 0.037194 seconds
Number of updated asset objects reloaded before import = 0
Number of asset objects unloaded after import = 3
========================================================================
Received Import Request.
  Time since last request: 0.000027 seconds.
  path: Assets/Imported Assets/platformer-pack-redux-360-assets/PNG/Tiles/switchRed_pressed.png
  artifactKey: Guid(3275f69e9610ba94fbdba40f118c34c5) Importer(2089858483,0ecaa5967403d082aa24f35e1b516d23)
Start importing Assets/Imported Assets/platformer-pack-redux-360-assets/PNG/Tiles/switchRed_pressed.png using Guid(3275f69e9610ba94fbdba40f118c34c5) Importer(2089858483,0ecaa5967403d082aa24f35e1b516d23) [PhysX] Initialized MultithreadedTaskDispatcher with 16 workers.
 -> (artifact id: '8f382dc35d3191c5a45ab4c24ff95c2a') in 0.031683 seconds
Number of updated asset objects reloaded before import = 0
Number of asset objects unloaded after import = 3
========================================================================
Received Import Request.
  Time since last request: 0.000020 seconds.
  path: Assets/Imported Assets/platformer-pack-redux-360-assets/PNG/Ground/Dirt/dirtCliff_left.png
  artifactKey: Guid(e758cebdb341b82468706fbb661c8f57) Importer(2089858483,0ecaa5967403d082aa24f35e1b516d23)
Start importing Assets/Imported Assets/platformer-pack-redux-360-assets/PNG/Ground/Dirt/dirtCliff_left.png using Guid(e758cebdb341b82468706fbb661c8f57) Importer(2089858483,0ecaa5967403d082aa24f35e1b516d23) [PhysX] Initialized MultithreadedTaskDispatcher with 16 workers.
 -> (artifact id: '206fa744b831ac34caf52345d6602eb4') in 0.034581 seconds
Number of updated asset objects reloaded before import = 0
Number of asset objects unloaded after import = 3
========================================================================
Received Import Request.
  Time since last request: 0.000020 seconds.
  path: Assets/Imported Assets/platformer-pack-redux-360-assets/PNG/Ground/Planet/planetHalf.png
  artifactKey: Guid(4b14394562262854cb967c231abc6de9) Importer(2089858483,0ecaa5967403d082aa24f35e1b516d23)
Start importing Assets/Imported Assets/platformer-pack-redux-360-assets/PNG/Ground/Planet/planetHalf.png using Guid(4b14394562262854cb967c231abc6de9) Importer(2089858483,0ecaa5967403d082aa24f35e1b516d23) [PhysX] Initialized MultithreadedTaskDispatcher with 16 workers.
 -> (artifact id: '1d4a297aae692d8cfe060132b8d2e893') in 0.030757 seconds
Number of updated asset objects reloaded before import = 0
Number of asset objects unloaded after import = 3
========================================================================
Received Import Request.
  Time since last request: 0.000156 seconds.
  path: Assets/Imported Assets/kenney_simplifiedplatformer/PNG/Characters/platformChar_duck.png
  artifactKey: Guid(89d03243e0d59084da95e5a5c4ff4740) Importer(2089858483,0ecaa5967403d082aa24f35e1b516d23)
Start importing Assets/Imported Assets/kenney_simplifiedplatformer/PNG/Characters/platformChar_duck.png using Guid(89d03243e0d59084da95e5a5c4ff4740) Importer(2089858483,0ecaa5967403d082aa24f35e1b516d23) [PhysX] Initialized MultithreadedTaskDispatcher with 16 workers.
 -> (artifact id: '16156f1e3e39786e034129590e66a204') in 0.035145 seconds
Number of updated asset objects reloaded before import = 0
Number of asset objects unloaded after import = 3
========================================================================
Received Import Request.
  Time since last request: 0.000061 seconds.
  path: Assets/Imported Assets/platformer-pack-redux-360-assets/PNG/Ground/Grass/grassCenter.png
  artifactKey: Guid(2c58dc8788dd0014a8f95dd1b1f472d6) Importer(2089858483,0ecaa5967403d082aa24f35e1b516d23)
Start importing Assets/Imported Assets/platformer-pack-redux-360-assets/PNG/Ground/Grass/grassCenter.png using Guid(2c58dc8788dd0014a8f95dd1b1f472d6) Importer(2089858483,0ecaa5967403d082aa24f35e1b516d23) [PhysX] Initialized MultithreadedTaskDispatcher with 16 workers.
 -> (artifact id: 'f1dae625953f96ddf99037a656ef542a') in 0.032999 seconds
Number of updated asset objects reloaded before import = 0
Number of asset objects unloaded after import = 3
========================================================================
Received Import Request.
  Time since last request: 0.000022 seconds.
  path: Assets/Imported Assets/platformer-pack-redux-360-assets/PNG/Particles/brickGrey.png
  artifactKey: Guid(a85d146faa00f394db16a332d9224156) Importer(2089858483,0ecaa5967403d082aa24f35e1b516d23)
Start importing Assets/Imported Assets/platformer-pack-redux-360-assets/PNG/Particles/brickGrey.png using Guid(a85d146faa00f394db16a332d9224156) Importer(2089858483,0ecaa5967403d082aa24f35e1b516d23) [PhysX] Initialized MultithreadedTaskDispatcher with 16 workers.
 -> (artifact id: '285924c5c9ed58911f1e620715fda76f') in 0.033972 seconds
Number of updated asset objects reloaded before import = 0
Number of asset objects unloaded after import = 3
========================================================================
Received Import Request.
  Time since last request: 0.000025 seconds.
  path: Assets/Tilemap/spritesheet_ground_28.asset
  artifactKey: Guid(21bba472d1d80ee4ea33393615afc410) Importer(2089858483,0ecaa5967403d082aa24f35e1b516d23)
Start importing Assets/Tilemap/spritesheet_ground_28.asset using Guid(21bba472d1d80ee4ea33393615afc410) Importer(2089858483,0ecaa5967403d082aa24f35e1b516d23) [PhysX] Initialized MultithreadedTaskDispatcher with 16 workers.
 -> (artifact id: '519345ec1932534f5b8c00c2f967b639') in 0.047252 seconds
Number of updated asset objects reloaded before import = 0
Number of asset objects unloaded after import = 3
========================================================================
Received Import Request.
  Time since last request: 0.000021 seconds.
  path: Assets/Imported Assets/platformer-pack-redux-360-assets/PNG/Ground/Sand/sandCliffAlt_right.png
  artifactKey: Guid(19be7773badf7eb409ded58683df3ffe) Importer(2089858483,0ecaa5967403d082aa24f35e1b516d23)
Start importing Assets/Imported Assets/platformer-pack-redux-360-assets/PNG/Ground/Sand/sandCliffAlt_right.png using Guid(19be7773badf7eb409ded58683df3ffe) Importer(2089858483,0ecaa5967403d082aa24f35e1b516d23) [PhysX] Initialized MultithreadedTaskDispatcher with 16 workers.
 -> (artifact id: '88e87cfb541338590b412a03f4e0f2e1') in 0.030024 seconds
Number of updated asset objects reloaded before import = 0
Number of asset objects unloaded after import = 3
========================================================================
Received Import Request.
  Time since last request: 0.000033 seconds.
  path: Assets/Imported Assets/platformer-pack-redux-360-assets/PNG/Ground/Snow/snowMid.png
  artifactKey: Guid(9f0ce622902a07245ac2c360fa68f991) Importer(2089858483,0ecaa5967403d082aa24f35e1b516d23)
Start importing Assets/Imported Assets/platformer-pack-redux-360-assets/PNG/Ground/Snow/snowMid.png using Guid(9f0ce622902a07245ac2c360fa68f991) Importer(2089858483,0ecaa5967403d082aa24f35e1b516d23) [PhysX] Initialized MultithreadedTaskDispatcher with 16 workers.
 -> (artifact id: '769d2beb466fb8895450b97377973c4a') in 0.033355 seconds
Number of updated asset objects reloaded before import = 0
Number of asset objects unloaded after import = 3
========================================================================
Received Import Request.
  Time since last request: 0.000019 seconds.
  path: Assets/Imported Assets/platformer-pack-redux-360-assets/PNG/Ground/Sand/sandCenter_rounded.png
  artifactKey: Guid(d7e73cc81356a034792abdadec7aabb9) Importer(2089858483,0ecaa5967403d082aa24f35e1b516d23)
Start importing Assets/Imported Assets/platformer-pack-redux-360-assets/PNG/Ground/Sand/sandCenter_rounded.png using Guid(d7e73cc81356a034792abdadec7aabb9) Importer(2089858483,0ecaa5967403d082aa24f35e1b516d23) [PhysX] Initialized MultithreadedTaskDispatcher with 16 workers.
 -> (artifact id: '6874e52e14614377d8b490ef7f93948c') in 0.032417 seconds
Number of updated asset objects reloaded before import = 0
Number of asset objects unloaded after import = 3
========================================================================
Received Import Request.
  Time since last request: 0.000026 seconds.
  path: Assets/Imported Assets/platformer-pack-redux-360-assets/PNG/Ground/Stone/stoneHalf.png
  artifactKey: Guid(133bfeafd2df48446b95e07c5d2649e3) Importer(2089858483,0ecaa5967403d082aa24f35e1b516d23)
Start importing Assets/Imported Assets/platformer-pack-redux-360-assets/PNG/Ground/Stone/stoneHalf.png using Guid(133bfeafd2df48446b95e07c5d2649e3) Importer(2089858483,0ecaa5967403d082aa24f35e1b516d23) [PhysX] Initialized MultithreadedTaskDispatcher with 16 workers.
 -> (artifact id: 'e00c4d237144c6034bbb15e6a17f1fc8') in 0.030355 seconds
Number of updated asset objects reloaded before import = 0
Number of asset objects unloaded after import = 3
========================================================================
Received Import Request.
  Time since last request: 0.000034 seconds.
  path: Assets/Imported Assets/platformer-pack-redux-360-assets/PNG/Ground/Stone/stoneCenter.png
  artifactKey: Guid(1edb322a8787c4c46936fa88b27eb879) Importer(2089858483,0ecaa5967403d082aa24f35e1b516d23)
Start importing Assets/Imported Assets/platformer-pack-redux-360-assets/PNG/Ground/Stone/stoneCenter.png using Guid(1edb322a8787c4c46936fa88b27eb879) Importer(2089858483,0ecaa5967403d082aa24f35e1b516d23) [PhysX] Initialized MultithreadedTaskDispatcher with 16 workers.
 -> (artifact id: '87b55aabd58395c49654d405797dbbfa') in 0.032430 seconds
Number of updated asset objects reloaded before import = 0
Number of asset objects unloaded after import = 3
========================================================================
Received Import Request.
  Time since last request: 0.000026 seconds.
  path: Assets/Imported Assets/platformer-pack-redux-360-assets/PNG/Ground/Planet/planetMid.png
  artifactKey: Guid(4bf46fa74467e03408190d11cf7d0cf5) Importer(2089858483,0ecaa5967403d082aa24f35e1b516d23)
Start importing Assets/Imported Assets/platformer-pack-redux-360-assets/PNG/Ground/Planet/planetMid.png using Guid(4bf46fa74467e03408190d11cf7d0cf5) Importer(2089858483,0ecaa5967403d082aa24f35e1b516d23) [PhysX] Initialized MultithreadedTaskDispatcher with 16 workers.
 -> (artifact id: '9a400b8c899f97e4119b7f86b2fc6439') in 0.031656 seconds
Number of updated asset objects reloaded before import = 0
Number of asset objects unloaded after import = 3
========================================================================
Received Import Request.
  Time since last request: 0.000026 seconds.
  path: Assets/Imported Assets/platformer-pack-redux-360-assets/PNG/Ground/Snow/snowCliffAlt_right.png
  artifactKey: Guid(5fe4b7557f2259a49a4bd7ec114cfc05) Importer(2089858483,0ecaa5967403d082aa24f35e1b516d23)
Start importing Assets/Imported Assets/platformer-pack-redux-360-assets/PNG/Ground/Snow/snowCliffAlt_right.png using Guid(5fe4b7557f2259a49a4bd7ec114cfc05) Importer(2089858483,0ecaa5967403d082aa24f35e1b516d23) [PhysX] Initialized MultithreadedTaskDispatcher with 16 workers.
 -> (artifact id: '87694a4fd25c1129479c3d870b6c9040') in 0.033445 seconds
Number of updated asset objects reloaded before import = 0
Number of asset objects unloaded after import = 3
========================================================================
Received Import Request.
  Time since last request: 0.000018 seconds.
  path: Assets/Imported Assets/platformer-pack-redux-360-assets/PNG/Ground/Stone/stoneCliff_right.png
  artifactKey: Guid(cc5f2ad1e29f4c842a067c63000d2b4d) Importer(2089858483,0ecaa5967403d082aa24f35e1b516d23)
Start importing Assets/Imported Assets/platformer-pack-redux-360-assets/PNG/Ground/Stone/stoneCliff_right.png using Guid(cc5f2ad1e29f4c842a067c63000d2b4d) Importer(2089858483,0ecaa5967403d082aa24f35e1b516d23) [PhysX] Initialized MultithreadedTaskDispatcher with 16 workers.
 -> (artifact id: '2ac48bcd6cbf5ac030f4573d57c82449') in 0.034167 seconds
Number of updated asset objects reloaded before import = 0
Number of asset objects unloaded after import = 3
========================================================================
Received Import Request.
  Time since last request: 0.000019 seconds.
  path: Assets/Imported Assets/platformer-pack-redux-360-assets/PNG/Ground/Sand/sandRight.png
  artifactKey: Guid(cb079aaaf55020346aaa2915f81ca9e7) Importer(2089858483,0ecaa5967403d082aa24f35e1b516d23)
Start importing Assets/Imported Assets/platformer-pack-redux-360-assets/PNG/Ground/Sand/sandRight.png using Guid(cb079aaaf55020346aaa2915f81ca9e7) Importer(2089858483,0ecaa5967403d082aa24f35e1b516d23) [PhysX] Initialized MultithreadedTaskDispatcher with 16 workers.
 -> (artifact id: 'd95fc1ca2ba2c4d2180844014fb51154') in 0.030318 seconds
Number of updated asset objects reloaded before import = 0
Number of asset objects unloaded after import = 3
========================================================================
Received Import Request.
  Time since last request: 0.000034 seconds.
  path: Assets/Imported Assets/platformer-pack-redux-360-assets/PNG/Ground/Sand/sandHill_right.png
  artifactKey: Guid(15201b8266e4911409d502d8a1fdc027) Importer(2089858483,0ecaa5967403d082aa24f35e1b516d23)
Start importing Assets/Imported Assets/platformer-pack-redux-360-assets/PNG/Ground/Sand/sandHill_right.png using Guid(15201b8266e4911409d502d8a1fdc027) Importer(2089858483,0ecaa5967403d082aa24f35e1b516d23) [PhysX] Initialized MultithreadedTaskDispatcher with 16 workers.
 -> (artifact id: '7622312c14e78a0a4de3ff728ba1fbeb') in 0.031962 seconds
Number of updated asset objects reloaded before import = 0
Number of asset objects unloaded after import = 3
========================================================================
Received Import Request.
  Time since last request: 0.000019 seconds.
  path: Assets/Imported Assets/platformer-pack-redux-360-assets/PNG/Ground/Snow/snowCorner_left.png
  artifactKey: Guid(caf9fed6fd18acb49979232211f42cc5) Importer(2089858483,0ecaa5967403d082aa24f35e1b516d23)
Start importing Assets/Imported Assets/platformer-pack-redux-360-assets/PNG/Ground/Snow/snowCorner_left.png using Guid(caf9fed6fd18acb49979232211f42cc5) Importer(2089858483,0ecaa5967403d082aa24f35e1b516d23) [PhysX] Initialized MultithreadedTaskDispatcher with 16 workers.
 -> (artifact id: 'd866e4c5dfb61ec5f963717120f74af7') in 0.033538 seconds
Number of updated asset objects reloaded before import = 0
Number of asset objects unloaded after import = 3
========================================================================
Received Import Request.
  Time since last request: 0.000024 seconds.
  path: Assets/Imported Assets/platformer-pack-redux-360-assets/PNG/Ground/Snow/snowLeft.png
  artifactKey: Guid(a511d8b6829a7c4488c76de6e4928d12) Importer(2089858483,0ecaa5967403d082aa24f35e1b516d23)
Start importing Assets/Imported Assets/platformer-pack-redux-360-assets/PNG/Ground/Snow/snowLeft.png using Guid(a511d8b6829a7c4488c76de6e4928d12) Importer(2089858483,0ecaa5967403d082aa24f35e1b516d23) [PhysX] Initialized MultithreadedTaskDispatcher with 16 workers.
 -> (artifact id: 'cc8a7bc5ebf35d26d4a57b756773fb62') in 0.033451 seconds
Number of updated asset objects reloaded before import = 0
Number of asset objects unloaded after import = 3
========================================================================
Received Import Request.
  Time since last request: 0.000031 seconds.
  path: Assets/Tilemap/spritesheet_ground_1.asset
  artifactKey: Guid(363a05e293b7cd44ba2eec29572d822e) Importer(2089858483,0ecaa5967403d082aa24f35e1b516d23)
Start importing Assets/Tilemap/spritesheet_ground_1.asset using Guid(363a05e293b7cd44ba2eec29572d822e) Importer(2089858483,0ecaa5967403d082aa24f35e1b516d23) [PhysX] Initialized MultithreadedTaskDispatcher with 16 workers.
 -> (artifact id: 'b1284f4689fec980bd6915e57868ba6b') in 0.026287 seconds
Number of updated asset objects reloaded before import = 0
Number of asset objects unloaded after import = 3
========================================================================
Received Import Request.
  Time since last request: 0.000022 seconds.
  path: Assets/Imported Assets/platformer-pack-redux-360-assets/PNG/Tiles/doorOpen_mid.png
  artifactKey: Guid(52a10e05361c7cb4f9bfee42e5a84e48) Importer(2089858483,0ecaa5967403d082aa24f35e1b516d23)
Start importing Assets/Imported Assets/platformer-pack-redux-360-assets/PNG/Tiles/doorOpen_mid.png using Guid(52a10e05361c7cb4f9bfee42e5a84e48) Importer(2089858483,0ecaa5967403d082aa24f35e1b516d23) [PhysX] Initialized MultithreadedTaskDispatcher with 16 workers.
 -> (artifact id: '62f46fc8e58d1b4b2b2ff32be208227a') in 0.032730 seconds
Number of updated asset objects reloaded before import = 0
Number of asset objects unloaded after import = 3
========================================================================
Received Import Request.
  Time since last request: 0.000022 seconds.
  path: Assets/Imported Assets/platformer-pack-redux-360-assets/PNG/Ground/Grass/grassLeft.png
  artifactKey: Guid(31e9e909919873e45bae0365fd86b25b) Importer(2089858483,0ecaa5967403d082aa24f35e1b516d23)
Start importing Assets/Imported Assets/platformer-pack-redux-360-assets/PNG/Ground/Grass/grassLeft.png using Guid(31e9e909919873e45bae0365fd86b25b) Importer(2089858483,0ecaa5967403d082aa24f35e1b516d23) [PhysX] Initialized MultithreadedTaskDispatcher with 16 workers.
 -> (artifact id: 'a0c6660305eb6557ffc608cdd07e2b89') in 0.034977 seconds
Number of updated asset objects reloaded before import = 0
Number of asset objects unloaded after import = 3
========================================================================
Received Import Request.
  Time since last request: 0.000030 seconds.
  path: Assets/Imported Assets/platformer-pack-redux-360-assets/PNG/Players/128x256/Pink/alienPink_front.png
  artifactKey: Guid(2e68bda18068d844f94ccb1e0d63a073) Importer(2089858483,0ecaa5967403d082aa24f35e1b516d23)
Start importing Assets/Imported Assets/platformer-pack-redux-360-assets/PNG/Players/128x256/Pink/alienPink_front.png using Guid(2e68bda18068d844f94ccb1e0d63a073) Importer(2089858483,0ecaa5967403d082aa24f35e1b516d23) [PhysX] Initialized MultithreadedTaskDispatcher with 16 workers.
 -> (artifact id: 'a71c8d276e538f38596fb30a5b9711e9') in 0.034897 seconds
Number of updated asset objects reloaded before import = 0
Number of asset objects unloaded after import = 3
========================================================================
Received Import Request.
  Time since last request: 0.000021 seconds.
  path: Assets/Imported Assets/platformer-pack-redux-360-assets/PNG/Players/128x256/Green/alienGreen_swim2.png
  artifactKey: Guid(cdd9e82489e5e544baa43de39dd78a8f) Importer(2089858483,0ecaa5967403d082aa24f35e1b516d23)
Start importing Assets/Imported Assets/platformer-pack-redux-360-assets/PNG/Players/128x256/Green/alienGreen_swim2.png using Guid(cdd9e82489e5e544baa43de39dd78a8f) Importer(2089858483,0ecaa5967403d082aa24f35e1b516d23) [PhysX] Initialized MultithreadedTaskDispatcher with 16 workers.
 -> (artifact id: '4a960d79a1da1f227ac22f944c9f804b') in 0.036150 seconds
Number of updated asset objects reloaded before import = 0
Number of asset objects unloaded after import = 3
========================================================================
Received Import Request.
  Time since last request: 0.000023 seconds.
  path: Assets/Imported Assets/platformer-pack-redux-360-assets/PNG/Players/128x256/Yellow/alienYellow_walk1.png
  artifactKey: Guid(8a912a3e1523212489650e4b9e64f239) Importer(2089858483,0ecaa5967403d082aa24f35e1b516d23)
Start importing Assets/Imported Assets/platformer-pack-redux-360-assets/PNG/Players/128x256/Yellow/alienYellow_walk1.png using Guid(8a912a3e1523212489650e4b9e64f239) Importer(2089858483,0ecaa5967403d082aa24f35e1b516d23) [PhysX] Initialized MultithreadedTaskDispatcher with 16 workers.
 -> (artifact id: 'd40d4761003d68b63f0e1e8283dc8d43') in 0.033960 seconds
Number of updated asset objects reloaded before import = 0
Number of asset objects unloaded after import = 3
========================================================================
Received Import Request.
  Time since last request: 0.000023 seconds.
  path: Assets/Imported Assets/platformer-pack-redux-360-assets/PNG/Players/128x256/Blue/alienBlue_hit.png
  artifactKey: Guid(2f19f7967d2eccc448f6f2fc49f27e24) Importer(2089858483,0ecaa5967403d082aa24f35e1b516d23)
Start importing Assets/Imported Assets/platformer-pack-redux-360-assets/PNG/Players/128x256/Blue/alienBlue_hit.png using Guid(2f19f7967d2eccc448f6f2fc49f27e24) Importer(2089858483,0ecaa5967403d082aa24f35e1b516d23) [PhysX] Initialized MultithreadedTaskDispatcher with 16 workers.
 -> (artifact id: '812e8faa1e49d0ddb9bf0fdbea9d954f') in 0.030127 seconds
Number of updated asset objects reloaded before import = 0
Number of asset objects unloaded after import = 3
========================================================================
Received Import Request.
  Time since last request: 0.000029 seconds.
  path: Assets/Imported Assets/platformer-pack-redux-360-assets/PNG/Players/128x256/Green/alienGreen_climb2.png
  artifactKey: Guid(22b2856dbd2f68c4b9fdd4366d7121c2) Importer(2089858483,0ecaa5967403d082aa24f35e1b516d23)
Start importing Assets/Imported Assets/platformer-pack-redux-360-assets/PNG/Players/128x256/Green/alienGreen_climb2.png using Guid(22b2856dbd2f68c4b9fdd4366d7121c2) Importer(2089858483,0ecaa5967403d082aa24f35e1b516d23) [PhysX] Initialized MultithreadedTaskDispatcher with 16 workers.
 -> (artifact id: '2052da71c4e70a0931293c3b6227feb9') in 0.030985 seconds
Number of updated asset objects reloaded before import = 0
Number of asset objects unloaded after import = 3
========================================================================
Received Import Request.
  Time since last request: 0.000032 seconds.
  path: Assets/Imported Assets/platformer-pack-redux-360-assets/PNG/Players/128x256/Blue/alienBlue_stand.png
  artifactKey: Guid(68539193e98ca9146898d9d056ce7e87) Importer(2089858483,0ecaa5967403d082aa24f35e1b516d23)
Start importing Assets/Imported Assets/platformer-pack-redux-360-assets/PNG/Players/128x256/Blue/alienBlue_stand.png using Guid(68539193e98ca9146898d9d056ce7e87) Importer(2089858483,0ecaa5967403d082aa24f35e1b516d23) [PhysX] Initialized MultithreadedTaskDispatcher with 16 workers.
 -> (artifact id: '002d6f47c8d9dd2543948aafdc4d8cf6') in 0.033030 seconds
Number of updated asset objects reloaded before import = 0
Number of asset objects unloaded after import = 3
========================================================================
Received Import Request.
  Time since last request: 0.000023 seconds.
  path: Assets/Imported Assets/platformer-pack-redux-360-assets/PNG/Players/128x256/Green/alienGreen_duck.png
  artifactKey: Guid(50ce3f9a84617524e895758768d132a6) Importer(2089858483,0ecaa5967403d082aa24f35e1b516d23)
Start importing Assets/Imported Assets/platformer-pack-redux-360-assets/PNG/Players/128x256/Green/alienGreen_duck.png using Guid(50ce3f9a84617524e895758768d132a6) Importer(2089858483,0ecaa5967403d082aa24f35e1b516d23) [PhysX] Initialized MultithreadedTaskDispatcher with 16 workers.
 -> (artifact id: 'fb4ae316bca8db4c9a24691ca2849888') in 0.032812 seconds
Number of updated asset objects reloaded before import = 0
Number of asset objects unloaded after import = 3
========================================================================
Received Import Request.
  Time since last request: 0.000025 seconds.
  path: Assets/Imported Assets/platformer-pack-redux-360-assets/PNG/Players/128x256/Beige/alienBeige_duck.png
  artifactKey: Guid(e836a51a34ba6e0468114658b7a883fc) Importer(2089858483,0ecaa5967403d082aa24f35e1b516d23)
Start importing Assets/Imported Assets/platformer-pack-redux-360-assets/PNG/Players/128x256/Beige/alienBeige_duck.png using Guid(e836a51a34ba6e0468114658b7a883fc) Importer(2089858483,0ecaa5967403d082aa24f35e1b516d23) [PhysX] Initialized MultithreadedTaskDispatcher with 16 workers.
 -> (artifact id: '3b45bf0ead7574c158ef62a4729813c5') in 0.033803 seconds
Number of updated asset objects reloaded before import = 0
Number of asset objects unloaded after import = 3
========================================================================
Received Import Request.
  Time since last request: 0.000020 seconds.
  path: Assets/Imported Assets/platformer-pack-redux-360-assets/PNG/Players/128x256/Yellow/alienYellow_swim1.png
  artifactKey: Guid(b68c7cc16e291d246b2255e011ff4113) Importer(2089858483,0ecaa5967403d082aa24f35e1b516d23)
Start importing Assets/Imported Assets/platformer-pack-redux-360-assets/PNG/Players/128x256/Yellow/alienYellow_swim1.png using Guid(b68c7cc16e291d246b2255e011ff4113) Importer(2089858483,0ecaa5967403d082aa24f35e1b516d23) [PhysX] Initialized MultithreadedTaskDispatcher with 16 workers.
 -> (artifact id: '76a6d5680025632135c8d7d0fe2586af') in 0.028823 seconds
Number of updated asset objects reloaded before import = 0
Number of asset objects unloaded after import = 3
========================================================================
Received Import Request.
  Time since last request: 0.000025 seconds.
  path: Assets/Imported Assets/platformer-pack-redux-360-assets/PNG/Players/128x256/Beige/alienBeige_climb1.png
  artifactKey: Guid(0c603e6a693627f4187bdc502009f911) Importer(2089858483,0ecaa5967403d082aa24f35e1b516d23)
Start importing Assets/Imported Assets/platformer-pack-redux-360-assets/PNG/Players/128x256/Beige/alienBeige_climb1.png using Guid(0c603e6a693627f4187bdc502009f911) Importer(2089858483,0ecaa5967403d082aa24f35e1b516d23) [PhysX] Initialized MultithreadedTaskDispatcher with 16 workers.
 -> (artifact id: '1eec901aaeb46d885eb8f7ddef0ecd0f') in 0.033252 seconds
Number of updated asset objects reloaded before import = 0
Number of asset objects unloaded after import = 3
========================================================================
Received Import Request.
  Time since last request: 0.000021 seconds.
  path: Assets/Imported Assets/platformer-pack-redux-360-assets/PNG/Players/128x256/Blue/alienBlue_swim1.png
  artifactKey: Guid(019b8e0ed4df9b841b3a91900114d331) Importer(2089858483,0ecaa5967403d082aa24f35e1b516d23)
Start importing Assets/Imported Assets/platformer-pack-redux-360-assets/PNG/Players/128x256/Blue/alienBlue_swim1.png using Guid(019b8e0ed4df9b841b3a91900114d331) Importer(2089858483,0ecaa5967403d082aa24f35e1b516d23) [PhysX] Initialized MultithreadedTaskDispatcher with 16 workers.
 -> (artifact id: '745c3ac449cff3986f7d1ec71810d82a') in 0.034717 seconds
Number of updated asset objects reloaded before import = 0
Number of asset objects unloaded after import = 3
========================================================================
Received Import Request.
  Time since last request: 0.000020 seconds.
  path: Assets/Imported Assets/platformer-pack-redux-360-assets/PNG/Ground/Stone/stoneRight.png
  artifactKey: Guid(ebfdd3bfc6c55514b80a1cb4d784fc18) Importer(2089858483,0ecaa5967403d082aa24f35e1b516d23)
Start importing Assets/Imported Assets/platformer-pack-redux-360-assets/PNG/Ground/Stone/stoneRight.png using Guid(ebfdd3bfc6c55514b80a1cb4d784fc18) Importer(2089858483,0ecaa5967403d082aa24f35e1b516d23) [PhysX] Initialized MultithreadedTaskDispatcher with 16 workers.
 -> (artifact id: 'cc1a0cbd18e45b7c1bf0fc74a00ba57c') in 0.031540 seconds
Number of updated asset objects reloaded before import = 0
Number of asset objects unloaded after import = 3
========================================================================
Received Import Request.
  Time since last request: 0.000022 seconds.
  path: Assets/Imported Assets/platformer-pack-redux-360-assets/PNG/Players/128x256/Blue/alienBlue_climb2.png
  artifactKey: Guid(beddfe2560f2ee54e93a3c99cde809f1) Importer(2089858483,0ecaa5967403d082aa24f35e1b516d23)
Start importing Assets/Imported Assets/platformer-pack-redux-360-assets/PNG/Players/128x256/Blue/alienBlue_climb2.png using Guid(beddfe2560f2ee54e93a3c99cde809f1) Importer(2089858483,0ecaa5967403d082aa24f35e1b516d23) [PhysX] Initialized MultithreadedTaskDispatcher with 16 workers.
 -> (artifact id: '5319bd6a8143b08e9db46a02d63feca6') in 0.037904 seconds
Number of updated asset objects reloaded before import = 0
Number of asset objects unloaded after import = 3
========================================================================
Received Import Request.
  Time since last request: 0.000031 seconds.
  path: Assets/Imported Assets/platformer-pack-redux-360-assets/PNG/Players/128x256/Blue/alienBlue_swim2.png
  artifactKey: Guid(ae839daaf7ff54440842bb2a71cecba2) Importer(2089858483,0ecaa5967403d082aa24f35e1b516d23)
Start importing Assets/Imported Assets/platformer-pack-redux-360-assets/PNG/Players/128x256/Blue/alienBlue_swim2.png using Guid(ae839daaf7ff54440842bb2a71cecba2) Importer(2089858483,0ecaa5967403d082aa24f35e1b516d23) [PhysX] Initialized MultithreadedTaskDispatcher with 16 workers.
 -> (artifact id: 'a9cf211ba0c7410f347d6f2d84168317') in 0.034998 seconds
Number of updated asset objects reloaded before import = 0
Number of asset objects unloaded after import = 3
========================================================================
Received Import Request.
  Time since last request: 0.000025 seconds.
  path: Assets/Imported Assets/platformer-pack-redux-360-assets/PNG/Players/128x256/Yellow/alienYellow_stand.png
  artifactKey: Guid(cf93b78c314391c4fa09c9392dba68c3) Importer(2089858483,0ecaa5967403d082aa24f35e1b516d23)
Start importing Assets/Imported Assets/platformer-pack-redux-360-assets/PNG/Players/128x256/Yellow/alienYellow_stand.png using Guid(cf93b78c314391c4fa09c9392dba68c3) Importer(2089858483,0ecaa5967403d082aa24f35e1b516d23) [PhysX] Initialized MultithreadedTaskDispatcher with 16 workers.
 -> (artifact id: '0da2b01c85d0c211601c0e84f28a4b0a') in 0.033608 seconds
Number of updated asset objects reloaded before import = 0
Number of asset objects unloaded after import = 3
========================================================================
Received Import Request.
  Time since last request: 0.000025 seconds.
  path: Assets/Imported Assets/platformer-pack-redux-360-assets/PNG/Players/Variable sizes/Green/alienGreen_hit.png
  artifactKey: Guid(642e9a42a552a364b932ecb3336984a7) Importer(2089858483,0ecaa5967403d082aa24f35e1b516d23)
Start importing Assets/Imported Assets/platformer-pack-redux-360-assets/PNG/Players/Variable sizes/Green/alienGreen_hit.png using Guid(642e9a42a552a364b932ecb3336984a7) Importer(2089858483,0ecaa5967403d082aa24f35e1b516d23) [PhysX] Initialized MultithreadedTaskDispatcher with 16 workers.
 -> (artifact id: '8ecc878ebc518a92d37aa70172df101b') in 0.031418 seconds
Number of updated asset objects reloaded before import = 0
Number of asset objects unloaded after import = 3
========================================================================
Received Import Request.
  Time since last request: 0.000022 seconds.
  path: Assets/Imported Assets/platformer-pack-redux-360-assets/PNG/Players/Variable sizes/Beige/alienBiege_walk2.png
  artifactKey: Guid(0a65f917a097bff42aad927b0fb24e2d) Importer(2089858483,0ecaa5967403d082aa24f35e1b516d23)
Start importing Assets/Imported Assets/platformer-pack-redux-360-assets/PNG/Players/Variable sizes/Beige/alienBiege_walk2.png using Guid(0a65f917a097bff42aad927b0fb24e2d) Importer(2089858483,0ecaa5967403d082aa24f35e1b516d23) [PhysX] Initialized MultithreadedTaskDispatcher with 16 workers.
 -> (artifact id: '6259037184b1e5003590470be4c57e76') in 0.032243 seconds
Number of updated asset objects reloaded before import = 0
Number of asset objects unloaded after import = 3
========================================================================
Received Import Request.
  Time since last request: 0.000024 seconds.
  path: Assets/Imported Assets/platformer-pack-redux-360-assets/PNG/Players/Variable sizes/Pink/alienPink_walk1.png
  artifactKey: Guid(0f297cd121e5870449cff649eb7d6bf8) Importer(2089858483,0ecaa5967403d082aa24f35e1b516d23)
Start importing Assets/Imported Assets/platformer-pack-redux-360-assets/PNG/Players/Variable sizes/Pink/alienPink_walk1.png using Guid(0f297cd121e5870449cff649eb7d6bf8) Importer(2089858483,0ecaa5967403d082aa24f35e1b516d23) [PhysX] Initialized MultithreadedTaskDispatcher with 16 workers.
 -> (artifact id: '69bfc96f12def17e9336e280d2f96fc0') in 0.034811 seconds
Number of updated asset objects reloaded before import = 0
Number of asset objects unloaded after import = 3
========================================================================
Received Import Request.
  Time since last request: 0.000026 seconds.
  path: Assets/Imported Assets/platformer-pack-redux-360-assets/PNG/Players/Variable sizes/Beige/alienBiege_swim1.png
  artifactKey: Guid(07cc3c4232f7aea43946f5a0bda820d1) Importer(2089858483,0ecaa5967403d082aa24f35e1b516d23)
Start importing Assets/Imported Assets/platformer-pack-redux-360-assets/PNG/Players/Variable sizes/Beige/alienBiege_swim1.png using Guid(07cc3c4232f7aea43946f5a0bda820d1) Importer(2089858483,0ecaa5967403d082aa24f35e1b516d23) [PhysX] Initialized MultithreadedTaskDispatcher with 16 workers.
 -> (artifact id: '15e953deaf52327e821bb4ded1f4bd0b') in 0.036512 seconds
Number of updated asset objects reloaded before import = 0
Number of asset objects unloaded after import = 3
========================================================================
Received Import Request.
  Time since last request: 0.000023 seconds.
  path: Assets/Imported Assets/platformer-pack-redux-360-assets/PNG/Players/Variable sizes/Yellow/alienYellow_front.png
  artifactKey: Guid(04fa5e66cb2334a49bd4523815a90299) Importer(2089858483,0ecaa5967403d082aa24f35e1b516d23)
Start importing Assets/Imported Assets/platformer-pack-redux-360-assets/PNG/Players/Variable sizes/Yellow/alienYellow_front.png using Guid(04fa5e66cb2334a49bd4523815a90299) Importer(2089858483,0ecaa5967403d082aa24f35e1b516d23) [PhysX] Initialized MultithreadedTaskDispatcher with 16 workers.
 -> (artifact id: '8443198c376e0b0a10c9ef273b78f9c0') in 0.031636 seconds
Number of updated asset objects reloaded before import = 0
Number of asset objects unloaded after import = 3
========================================================================
Received Import Request.
  Time since last request: 0.000020 seconds.
  path: Assets/Imported Assets/platformer-pack-redux-360-assets/PNG/Players/Variable sizes/Green/alienGreen_stand.png
  artifactKey: Guid(ea0d5e33d3e630e40afdebc6046f5f36) Importer(2089858483,0ecaa5967403d082aa24f35e1b516d23)
Start importing Assets/Imported Assets/platformer-pack-redux-360-assets/PNG/Players/Variable sizes/Green/alienGreen_stand.png using Guid(ea0d5e33d3e630e40afdebc6046f5f36) Importer(2089858483,0ecaa5967403d082aa24f35e1b516d23) [PhysX] Initialized MultithreadedTaskDispatcher with 16 workers.
 -> (artifact id: '4392e7eed70366d7a2b0985361b75119') in 0.032064 seconds
Number of updated asset objects reloaded before import = 0
Number of asset objects unloaded after import = 3
========================================================================
Received Import Request.
  Time since last request: 0.000033 seconds.
  path: Assets/Imported Assets/platformer-pack-redux-360-assets/PNG/Players/Variable sizes/Pink/alienPink_swim2.png
  artifactKey: Guid(b51336098084d8c46a3e1d5ede0f6ef1) Importer(2089858483,0ecaa5967403d082aa24f35e1b516d23)
Start importing Assets/Imported Assets/platformer-pack-redux-360-assets/PNG/Players/Variable sizes/Pink/alienPink_swim2.png using Guid(b51336098084d8c46a3e1d5ede0f6ef1) Importer(2089858483,0ecaa5967403d082aa24f35e1b516d23) [PhysX] Initialized MultithreadedTaskDispatcher with 16 workers.
 -> (artifact id: '80397a3a12a979d86966d38aba3b5b0b') in 0.034211 seconds
Number of updated asset objects reloaded before import = 0
Number of asset objects unloaded after import = 3
========================================================================
Received Import Request.
  Time since last request: 0.000023 seconds.
  path: Assets/Imported Assets/platformer-pack-redux-360-assets/PNG/Players/Variable sizes/Beige/alienBiege_front.png
  artifactKey: Guid(4de9275a373ee26418bb071b716cfd47) Importer(2089858483,0ecaa5967403d082aa24f35e1b516d23)
Start importing Assets/Imported Assets/platformer-pack-redux-360-assets/PNG/Players/Variable sizes/Beige/alienBiege_front.png using Guid(4de9275a373ee26418bb071b716cfd47) Importer(2089858483,0ecaa5967403d082aa24f35e1b516d23) [PhysX] Initialized MultithreadedTaskDispatcher with 16 workers.
 -> (artifact id: '604ac6e6c11adfe00480a0f689ff11c5') in 0.037297 seconds
Number of updated asset objects reloaded before import = 0
Number of asset objects unloaded after import = 3
========================================================================
Received Import Request.
  Time since last request: 0.000025 seconds.
  path: Assets/Imported Assets/platformer-pack-redux-360-assets/PNG/Players/Variable sizes/Green/alienGreen_swim1.png
  artifactKey: Guid(a4f5324750a62de4b814068dc2219250) Importer(2089858483,0ecaa5967403d082aa24f35e1b516d23)
Start importing Assets/Imported Assets/platformer-pack-redux-360-assets/PNG/Players/Variable sizes/Green/alienGreen_swim1.png using Guid(a4f5324750a62de4b814068dc2219250) Importer(2089858483,0ecaa5967403d082aa24f35e1b516d23) [PhysX] Initialized MultithreadedTaskDispatcher with 16 workers.
 -> (artifact id: '864ed43cd7c687ee5067c1a86862c7f5') in 0.034244 seconds
Number of updated asset objects reloaded before import = 0
Number of asset objects unloaded after import = 3
========================================================================
Received Import Request.
  Time since last request: 0.000019 seconds.
  path: Assets/Imported Assets/platformer-pack-redux-360-assets/PNG/Players/Variable sizes/Blue/alienBlue_climb1.png
  artifactKey: Guid(9e0df983ca56d9c4da00a2178bba4e53) Importer(2089858483,0ecaa5967403d082aa24f35e1b516d23)
Start importing Assets/Imported Assets/platformer-pack-redux-360-assets/PNG/Players/Variable sizes/Blue/alienBlue_climb1.png using Guid(9e0df983ca56d9c4da00a2178bba4e53) Importer(2089858483,0ecaa5967403d082aa24f35e1b516d23) [PhysX] Initialized MultithreadedTaskDispatcher with 16 workers.
 -> (artifact id: '961fefe1507a7fc95535124c9e7b1c62') in 0.032814 seconds
Number of updated asset objects reloaded before import = 0
Number of asset objects unloaded after import = 3
========================================================================
Received Import Request.
  Time since last request: 0.000022 seconds.
  path: Assets/Imported Assets/platformer-pack-redux-360-assets/PNG/Players/Variable sizes/Blue/alienBlue_walk1.png
  artifactKey: Guid(b0dd0c4d34751a248b7cf0cdec50032b) Importer(2089858483,0ecaa5967403d082aa24f35e1b516d23)
Start importing Assets/Imported Assets/platformer-pack-redux-360-assets/PNG/Players/Variable sizes/Blue/alienBlue_walk1.png using Guid(b0dd0c4d34751a248b7cf0cdec50032b) Importer(2089858483,0ecaa5967403d082aa24f35e1b516d23) [PhysX] Initialized MultithreadedTaskDispatcher with 16 workers.
 -> (artifact id: '95e07c153307bd0fb648a64e9ae8b908') in 0.031881 seconds
Number of updated asset objects reloaded before import = 0
Number of asset objects unloaded after import = 3
========================================================================
Received Import Request.
  Time since last request: 0.000024 seconds.
  path: Assets/Imported Assets/platformer-pack-redux-360-assets/PNG/Players/Variable sizes/Pink/alienPink_climb2.png
  artifactKey: Guid(40f72be32f4be814fb414360d9227c73) Importer(2089858483,0ecaa5967403d082aa24f35e1b516d23)
Start importing Assets/Imported Assets/platformer-pack-redux-360-assets/PNG/Players/Variable sizes/Pink/alienPink_climb2.png using Guid(40f72be32f4be814fb414360d9227c73) Importer(2089858483,0ecaa5967403d082aa24f35e1b516d23) [PhysX] Initialized MultithreadedTaskDispatcher with 16 workers.
 -> (artifact id: '6e1af9a0820150e7c6f66508e711acd7') in 0.033519 seconds
Number of updated asset objects reloaded before import = 0
Number of asset objects unloaded after import = 3
========================================================================
Received Import Request.
  Time since last request: 0.000027 seconds.
  path: Assets/Imported Assets/platformer-pack-redux-360-assets/PNG/Players/Variable sizes/Beige/alienBiege_stand.png
  artifactKey: Guid(8c244cd4a45be6146a802bdcb243d62c) Importer(2089858483,0ecaa5967403d082aa24f35e1b516d23)
Start importing Assets/Imported Assets/platformer-pack-redux-360-assets/PNG/Players/Variable sizes/Beige/alienBiege_stand.png using Guid(8c244cd4a45be6146a802bdcb243d62c) Importer(2089858483,0ecaa5967403d082aa24f35e1b516d23) [PhysX] Initialized MultithreadedTaskDispatcher with 16 workers.
 -> (artifact id: '54ec57a822e8debb22ff839fecc63b65') in 0.034021 seconds
Number of updated asset objects reloaded before import = 0
Number of asset objects unloaded after import = 3
========================================================================
Received Import Request.
  Time since last request: 0.000036 seconds.
  path: Assets/Imported Assets/platformer-pack-redux-360-assets/PNG/Players/Variable sizes/Green/alienGreen_jump.png
  artifactKey: Guid(e1b435880fa2d074f88d62fa2caf2f98) Importer(2089858483,0ecaa5967403d082aa24f35e1b516d23)
Start importing Assets/Imported Assets/platformer-pack-redux-360-assets/PNG/Players/Variable sizes/Green/alienGreen_jump.png using Guid(e1b435880fa2d074f88d62fa2caf2f98) Importer(2089858483,0ecaa5967403d082aa24f35e1b516d23) [PhysX] Initialized MultithreadedTaskDispatcher with 16 workers.
 -> (artifact id: '9d3a0582e22c2bebfb6099bfbe1a9ab1') in 0.034223 seconds
Number of updated asset objects reloaded before import = 0
Number of asset objects unloaded after import = 3
========================================================================
Received Import Request.
  Time since last request: 0.000020 seconds.
  path: Assets/Imported Assets/platformer-pack-redux-360-assets/PNG/Tiles/brickBrown.png
  artifactKey: Guid(491160279e415534ca68a5fb6bccc5d2) Importer(2089858483,0ecaa5967403d082aa24f35e1b516d23)
Start importing Assets/Imported Assets/platformer-pack-redux-360-assets/PNG/Tiles/brickBrown.png using Guid(491160279e415534ca68a5fb6bccc5d2) Importer(2089858483,0ecaa5967403d082aa24f35e1b516d23) [PhysX] Initialized MultithreadedTaskDispatcher with 16 workers.
 -> (artifact id: 'a55cb72c5db0cf78d35297be8e07b3b0') in 0.031779 seconds
Number of updated asset objects reloaded before import = 0
Number of asset objects unloaded after import = 3
========================================================================
Received Import Request.
  Time since last request: 0.000025 seconds.
  path: Assets/Imported Assets/kenney_simplifiedplatformer/PNG/Tiles/platformPack_tile019.png
  artifactKey: Guid(c3d9103ec8477a946b3f6213d786352c) Importer(2089858483,0ecaa5967403d082aa24f35e1b516d23)
Start importing Assets/Imported Assets/kenney_simplifiedplatformer/PNG/Tiles/platformPack_tile019.png using Guid(c3d9103ec8477a946b3f6213d786352c) Importer(2089858483,0ecaa5967403d082aa24f35e1b516d23) [PhysX] Initialized MultithreadedTaskDispatcher with 16 workers.
 -> (artifact id: 'a60818636ac4bc4cac4366881fd5e5a0') in 0.035180 seconds
Number of updated asset objects reloaded before import = 0
Number of asset objects unloaded after import = 3
========================================================================
Received Import Request.
  Time since last request: 0.000021 seconds.
  path: Assets/Tilemap/spritesheet_ground_46.asset
  artifactKey: Guid(d70954424f350e94d826ba400151073e) Importer(2089858483,0ecaa5967403d082aa24f35e1b516d23)
Start importing Assets/Tilemap/spritesheet_ground_46.asset using Guid(d70954424f350e94d826ba400151073e) Importer(2089858483,0ecaa5967403d082aa24f35e1b516d23) [PhysX] Initialized MultithreadedTaskDispatcher with 16 workers.
 -> (artifact id: 'd3c89215bb874a45726512dc68249d95') in 0.029097 seconds
Number of updated asset objects reloaded before import = 0
Number of asset objects unloaded after import = 3
========================================================================
Received Import Request.
  Time since last request: 0.000023 seconds.
  path: Assets/Imported Assets/platformer-pack-redux-360-assets/PNG/Ground/Dirt/dirtHalf_mid.png
  artifactKey: Guid(7b56644beb42d2047b593d2de8d45be6) Importer(2089858483,0ecaa5967403d082aa24f35e1b516d23)
Start importing Assets/Imported Assets/platformer-pack-redux-360-assets/PNG/Ground/Dirt/dirtHalf_mid.png using Guid(7b56644beb42d2047b593d2de8d45be6) Importer(2089858483,0ecaa5967403d082aa24f35e1b516d23) [PhysX] Initialized MultithreadedTaskDispatcher with 16 workers.
 -> (artifact id: 'c841530f65fffba4acff698a6a9abc0e') in 0.032474 seconds
Number of updated asset objects reloaded before import = 0
Number of asset objects unloaded after import = 3
========================================================================
Received Import Request.
  Time since last request: 0.000032 seconds.
  path: Assets/Imported Assets/platformer-pack-redux-360-assets/PNG/Ground/Stone/stoneHalf_left.png
  artifactKey: Guid(6acf9041cd38ee642953701fafc1acba) Importer(2089858483,0ecaa5967403d082aa24f35e1b516d23)
Start importing Assets/Imported Assets/platformer-pack-redux-360-assets/PNG/Ground/Stone/stoneHalf_left.png using Guid(6acf9041cd38ee642953701fafc1acba) Importer(2089858483,0ecaa5967403d082aa24f35e1b516d23) [PhysX] Initialized MultithreadedTaskDispatcher with 16 workers.
 -> (artifact id: 'bcc5fab06d7847cdc328518cfa1fed67') in 0.032060 seconds
Number of updated asset objects reloaded before import = 0
Number of asset objects unloaded after import = 3
========================================================================
Received Import Request.
  Time since last request: 0.000023 seconds.
  path: Assets/Tilemap/spritesheet_ground_43.asset
  artifactKey: Guid(0acbd59e201874d4bbad40f8265fd26e) Importer(2089858483,0ecaa5967403d082aa24f35e1b516d23)
Start importing Assets/Tilemap/spritesheet_ground_43.asset using Guid(0acbd59e201874d4bbad40f8265fd26e) Importer(2089858483,0ecaa5967403d082aa24f35e1b516d23) [PhysX] Initialized MultithreadedTaskDispatcher with 16 workers.
 -> (artifact id: 'b03c8d0801ea92be01bb8a19dab9dc01') in 0.026569 seconds
Number of updated asset objects reloaded before import = 0
Number of asset objects unloaded after import = 3
========================================================================
Received Import Request.
  Time since last request: 0.000031 seconds.
  path: Assets/Imported Assets/platformer-pack-redux-360-assets/PNG/Tiles/leverRight.png
  artifactKey: Guid(5dec0453611000c4e8738abe2106c592) Importer(2089858483,0ecaa5967403d082aa24f35e1b516d23)
Start importing Assets/Imported Assets/platformer-pack-redux-360-assets/PNG/Tiles/leverRight.png using Guid(5dec0453611000c4e8738abe2106c592) Importer(2089858483,0ecaa5967403d082aa24f35e1b516d23) [PhysX] Initialized MultithreadedTaskDispatcher with 16 workers.
 -> (artifact id: '60779496168a294c983b412903a40c87') in 0.033052 seconds
Number of updated asset objects reloaded before import = 0
Number of asset objects unloaded after import = 3
========================================================================
Received Import Request.
  Time since last request: 0.000037 seconds.
  path: Assets/Imported Assets/platformer-pack-redux-360-assets/PNG/Tiles/torchOff.png
  artifactKey: Guid(fa081e60aadf88543a7c8e0c40f6b59b) Importer(2089858483,0ecaa5967403d082aa24f35e1b516d23)
Start importing Assets/Imported Assets/platformer-pack-redux-360-assets/PNG/Tiles/torchOff.png using Guid(fa081e60aadf88543a7c8e0c40f6b59b) Importer(2089858483,0ecaa5967403d082aa24f35e1b516d23) [PhysX] Initialized MultithreadedTaskDispatcher with 16 workers.
 -> (artifact id: 'e5154b22ef3fde974c126c8c164bc2c5') in 0.029712 seconds
Number of updated asset objects reloaded before import = 0
Number of asset objects unloaded after import = 3
Editor requested this worker to shutdown with reason: Scaling down because of idle timeout
TcpMessagingSession - receive error: operation aborted. errorcode: 995, details: De I/O-bewerking is afgebroken vanwege het afsluiten van een thread of vanwege een opdracht van een toepassing.
AssetImportWorker is now disconnected from the server
Process exiting
Exiting without the bug reporter. Application will terminate with return code 0