Using pre-set license
Built from '2022.3/staging' branch; Version is '2022.3.52f1 (1120fcb54228) revision 1122556'; Using compiler version '192829333'; Build Type 'Release'
OS: 'Windows 11  (10.0.26100) 64bit Core' Language: 'nl' Physical Memory: 32547 MB
BatchMode: 1, IsHumanControllingUs: 0, StartBugReporterOnCrash: 0, Is64bit: 1, IsPro: 1

COMMAND LINE ARGUMENTS:
C:\Program Files\Unity\Hub\Editor\2022.3.52f1\Editor\Unity.exe
-adb2
-batchMode
-noUpm
-name
AssetImportWorker2
-projectPath
C:/projects2024school/GitHub/portefolio/Year2/Quarter4/prototyping/Quest2
-logFile
Logs/AssetImportWorker2.log
-srvPort
54491
Successfully changed project path to: C:/projects2024school/GitHub/portefolio/Year2/Quarter4/prototyping/Quest2
C:/projects2024school/GitHub/portefolio/Year2/Quarter4/prototyping/Quest2
[UnityMemory] Configuration Parameters - Can be set up in boot.config
    "memorysetup-bucket-allocator-granularity=16"
    "memorysetup-bucket-allocator-bucket-count=8"
    "memorysetup-bucket-allocator-block-size=33554432"
    "memorysetup-bucket-allocator-block-count=8"
    "memorysetup-main-allocator-block-size=16777216"
    "memorysetup-thread-allocator-block-size=16777216"
    "memorysetup-gfx-main-allocator-block-size=16777216"
    "memorysetup-gfx-thread-allocator-block-size=16777216"
    "memorysetup-cache-allocator-block-size=4194304"
    "memorysetup-typetree-allocator-block-size=2097152"
    "memorysetup-profiler-bucket-allocator-granularity=16"
    "memorysetup-profiler-bucket-allocator-bucket-count=8"
    "memorysetup-profiler-bucket-allocator-block-size=33554432"
    "memorysetup-profiler-bucket-allocator-block-count=8"
    "memorysetup-profiler-allocator-block-size=16777216"
    "memorysetup-profiler-editor-allocator-block-size=1048576"
    "memorysetup-temp-allocator-size-main=16777216"
    "memorysetup-job-temp-allocator-block-size=2097152"
    "memorysetup-job-temp-allocator-block-size-background=1048576"
    "memorysetup-job-temp-allocator-reduction-small-platforms=262144"
    "memorysetup-allocator-temp-initial-block-size-main=262144"
    "memorysetup-allocator-temp-initial-block-size-worker=262144"
    "memorysetup-temp-allocator-size-background-worker=32768"
    "memorysetup-temp-allocator-size-job-worker=262144"
    "memorysetup-temp-allocator-size-preload-manager=33554432"
    "memorysetup-temp-allocator-size-nav-mesh-worker=65536"
    "memorysetup-temp-allocator-size-audio-worker=65536"
    "memorysetup-temp-allocator-size-cloud-worker=32768"
    "memorysetup-temp-allocator-size-gi-baking-worker=262144"
    "memorysetup-temp-allocator-size-gfx=262144"
Player connection [17196]  Target information:

Player connection [17196]  * "[IP] 192.168.2.7 [Port] 0 [Flags] 2 [Guid] 222815405 [EditorId] 222815405 [Version] 1048832 [Id] WindowsEditor(7,LAPTOP-226Q1J2E) [Debug] 1 [PackageName] WindowsEditor [ProjectName] Editor" 

Player connection [17196] Host joined multi-casting on [225.0.0.222:54997]...
Player connection [17196] Host joined alternative multi-casting on [225.0.0.222:34997]...
[PhysX] Initialized MultithreadedTaskDispatcher with 16 workers.
Refreshing native plugins compatible for Editor in 195.30 ms, found 4 plugins.
Preloading 0 native plugins for Editor in 0.00 ms.
Initialize engine version: 2022.3.52f1 (1120fcb54228)
[Subsystems] Discovering subsystems at path C:/Program Files/Unity/Hub/Editor/2022.3.52f1/Editor/Data/Resources/UnitySubsystems
[Subsystems] Discovering subsystems at path C:/projects2024school/GitHub/portefolio/Year2/Quarter4/prototyping/Quest2/Assets
GfxDevice: creating device client; threaded=0; jobified=0
Direct3D:
    Version:  Direct3D 11.0 [level 11.1]
    Renderer: NVIDIA GeForce RTX 3070 Laptop GPU (ID=0x249d)
    Vendor:   NVIDIA
    VRAM:     8044 MB
    Driver:   30.0.15.1274
Initialize mono
Mono path[0] = 'C:/Program Files/Unity/Hub/Editor/2022.3.52f1/Editor/Data/Managed'
Mono path[1] = 'C:/Program Files/Unity/Hub/Editor/2022.3.52f1/Editor/Data/MonoBleedingEdge/lib/mono/unityjit-win32'
Mono config path = 'C:/Program Files/Unity/Hub/Editor/2022.3.52f1/Editor/Data/MonoBleedingEdge/etc'
Using monoOptions --debugger-agent=transport=dt_socket,embedding=1,server=y,suspend=n,address=127.0.0.1:56324
Begin MonoManager ReloadAssembly
Registering precompiled unity dll's ...
Register platform support module: C:/Program Files/Unity/Hub/Editor/2022.3.52f1/Editor/Data/PlaybackEngines/AndroidPlayer/UnityEditor.Android.Extensions.dll
Register platform support module: C:/Program Files/Unity/Hub/Editor/2022.3.52f1/Editor/Data/PlaybackEngines/WindowsStandaloneSupport/UnityEditor.WindowsStandalone.Extensions.dll
Registered in 0.010573 seconds.
- Loaded All Assemblies, in  1.205 seconds
Native extension for WindowsStandalone target not found
Native extension for Android target not found
Android Extension - Scanning For ADB Devices 339 ms
Mono: successfully reloaded assembly
- Finished resetting the current domain, in  0.764 seconds
Domain Reload Profiling: 1967ms
	BeginReloadAssembly (131ms)
		ExecutionOrderSort (0ms)
		DisableScriptedObjects (0ms)
		BackupInstance (0ms)
		ReleaseScriptingObjects (0ms)
		CreateAndSetChildDomain (1ms)
	RebuildCommonClasses (241ms)
	RebuildNativeTypeToScriptingClass (12ms)
	initialDomainReloadingComplete (76ms)
	LoadAllAssembliesAndSetupDomain (743ms)
		LoadAssemblies (129ms)
		RebuildTransferFunctionScriptingTraits (0ms)
		AnalyzeDomain (741ms)
			TypeCache.Refresh (738ms)
				TypeCache.ScanAssembly (722ms)
			ScanForSourceGeneratedMonoScriptInfo (1ms)
			ResolveRequiredComponents (1ms)
	FinalizeReload (765ms)
		ReleaseScriptCaches (0ms)
		RebuildScriptCaches (0ms)
		SetupLoadedEditorAssemblies (703ms)
			LogAssemblyErrors (0ms)
			InitializePlatformSupportModulesInManaged (478ms)
			SetLoadedEditorAssemblies (6ms)
			RefreshPlugins (0ms)
			BeforeProcessingInitializeOnLoad (3ms)
			ProcessInitializeOnLoadAttributes (149ms)
			ProcessInitializeOnLoadMethodAttributes (68ms)
			AfterProcessingInitializeOnLoad (0ms)
			EditorAssembliesLoaded (0ms)
		ExecutionOrderSort2 (0ms)
		AwakeInstancesAfterBackupRestoration (0ms)
========================================================================
Worker process is ready to serve import requests
Caller must complete domain reload
Begin MonoManager ReloadAssembly
- Loaded All Assemblies, in  1.025 seconds
Native extension for WindowsStandalone target not found
Native extension for Android target not found
Mono: successfully reloaded assembly
- Finished resetting the current domain, in  0.820 seconds
Domain Reload Profiling: 1840ms
	BeginReloadAssembly (182ms)
		ExecutionOrderSort (0ms)
		DisableScriptedObjects (7ms)
		BackupInstance (0ms)
		ReleaseScriptingObjects (0ms)
		CreateAndSetChildDomain (30ms)
	RebuildCommonClasses (42ms)
	RebuildNativeTypeToScriptingClass (12ms)
	initialDomainReloadingComplete (56ms)
	LoadAllAssembliesAndSetupDomain (727ms)
		LoadAssemblies (386ms)
		RebuildTransferFunctionScriptingTraits (0ms)
		AnalyzeDomain (445ms)
			TypeCache.Refresh (413ms)
				TypeCache.ScanAssembly (327ms)
			ScanForSourceGeneratedMonoScriptInfo (24ms)
			ResolveRequiredComponents (6ms)
	FinalizeReload (821ms)
		ReleaseScriptCaches (0ms)
		RebuildScriptCaches (0ms)
		SetupLoadedEditorAssemblies (598ms)
			LogAssemblyErrors (0ms)
			InitializePlatformSupportModulesInManaged (27ms)
			SetLoadedEditorAssemblies (6ms)
			RefreshPlugins (0ms)
			BeforeProcessingInitializeOnLoad (92ms)
			ProcessInitializeOnLoadAttributes (410ms)
			ProcessInitializeOnLoadMethodAttributes (53ms)
			AfterProcessingInitializeOnLoad (11ms)
			EditorAssembliesLoaded (0ms)
		ExecutionOrderSort2 (0ms)
		AwakeInstancesAfterBackupRestoration (10ms)
Launched and connected shader compiler UnityShaderCompiler.exe after 0.06 seconds
Refreshing native plugins compatible for Editor in 8.03 ms, found 4 plugins.
Preloading 0 native plugins for Editor in 0.00 ms.
Unloading 4012 Unused Serialized files (Serialized files now loaded: 0)
Unloading 38 unused Assets / (241.2 KB). Loaded Objects now: 4479.
Memory consumption went from 143.5 MB to 143.2 MB.
Total: 3.891000 ms (FindLiveObjects: 0.347800 ms CreateObjectMapping: 0.153900 ms MarkObjects: 3.080200 ms  DeleteObjects: 0.308000 ms)

AssetImportParameters requested are different than current active one (requested -> active):
  custom:container-demuxer-ogg: 62fdf1f143b41e24485cea50d1cbac27 -> 
  custom:video-decoder-ogg-theora: a1e56fd34408186e4bbccfd4996cb3dc -> 
  custom:framework-win-MediaFoundation: 216162199b28c13a410421893ffa2e32 -> 
  custom:scripting/monoscript/fileName/Wincondition.cs: c5ca7a334391df23756d97bdbad69525 -> 
  custom:CustomObjectIndexerAttribute: 9a22284fe3817be447336de3de66b15e -> 
  custom:container-demuxer-webm: 4f35f7cbe854078d1ac9338744f61a02 -> 
  custom:container-muxer-webm: aa71ff27fc2769a1b78a27578f13a17b -> 
  custom:video-decoder-webm-vp8: 9c59270c3fd7afecdb556c50c9e8de78 -> 
  custom:SearchIndexIgnoredProperties: e643bd26f0fe6173181afceb89e7c659 -> 
  custom:AudioImporter_EditorPlatform: d09bf68614088b80899f8185d706f6e7 -> 
  custom:scripting/monoscript/fileName/IWincondition.cs: c5ca7a334391df23756d97bdbad69525 -> 
  custom:video-encoder-webm-vp8: eb34c28f22e8b96e1ab97ce403110664 -> 
  custom:audio-decoder-ogg-vorbis: bf7c407c2cedff20999df2af8eb42d56 -> 
  custom:audio-encoder-webm-vorbis: bf7c407c2cedff20999df2af8eb42d56 -> 
========================================================================
Received Import Request.
  Time since last request: 1978589.860874 seconds.
  path: Assets/Imported Assets/platformer-pack-redux-360-assets/PNG/Ground/Planet/planetHalf_left.png
  artifactKey: Guid(892af361e334ebf4794146872c747fd9) Importer(2089858483,0ecaa5967403d082aa24f35e1b516d23)
Start importing Assets/Imported Assets/platformer-pack-redux-360-assets/PNG/Ground/Planet/planetHalf_left.png using Guid(892af361e334ebf4794146872c747fd9) Importer(2089858483,0ecaa5967403d082aa24f35e1b516d23) [PhysX] Initialized MultithreadedTaskDispatcher with 16 workers.
 -> (artifact id: 'da710fc7acdf4e3eb3e5eaa0fd736c1d') in 0.183625 seconds
Number of updated asset objects reloaded before import = 0
Number of asset objects unloaded after import = 3
========================================================================
Received Import Request.
  Time since last request: 0.000034 seconds.
  path: Assets/Imported Assets/platformer-pack-redux-360-assets/PNG/Ground/Grass/grassCliffAlt_left.png
  artifactKey: Guid(7f32648723f8fff478a5fdbd1492c9dc) Importer(2089858483,0ecaa5967403d082aa24f35e1b516d23)
Start importing Assets/Imported Assets/platformer-pack-redux-360-assets/PNG/Ground/Grass/grassCliffAlt_left.png using Guid(7f32648723f8fff478a5fdbd1492c9dc) Importer(2089858483,0ecaa5967403d082aa24f35e1b516d23) [PhysX] Initialized MultithreadedTaskDispatcher with 16 workers.
 -> (artifact id: '465baed34390042d50ab048ab8d1c9f8') in 0.034218 seconds
Number of updated asset objects reloaded before import = 0
Number of asset objects unloaded after import = 3
========================================================================
Received Import Request.
  Time since last request: 0.000018 seconds.
  path: Assets/Imported Assets/platformer-pack-redux-360-assets/PNG/Ground/Grass/grassHill_right.png
  artifactKey: Guid(f9699d3588c9f834c82eeaee99a15a10) Importer(2089858483,0ecaa5967403d082aa24f35e1b516d23)
Start importing Assets/Imported Assets/platformer-pack-redux-360-assets/PNG/Ground/Grass/grassHill_right.png using Guid(f9699d3588c9f834c82eeaee99a15a10) Importer(2089858483,0ecaa5967403d082aa24f35e1b516d23) [PhysX] Initialized MultithreadedTaskDispatcher with 16 workers.
 -> (artifact id: 'd6e0be8e7a0cc608f243c44f9825d3ec') in 0.042800 seconds
Number of updated asset objects reloaded before import = 0
Number of asset objects unloaded after import = 3
========================================================================
Received Import Request.
  Time since last request: 0.000022 seconds.
  path: Assets/Imported Assets/platformer-pack-redux-360-assets/PNG/Ground/Grass/grassHalf_left.png
  artifactKey: Guid(668f1d781960d364a82cee9f6745f01d) Importer(2089858483,0ecaa5967403d082aa24f35e1b516d23)
Start importing Assets/Imported Assets/platformer-pack-redux-360-assets/PNG/Ground/Grass/grassHalf_left.png using Guid(668f1d781960d364a82cee9f6745f01d) Importer(2089858483,0ecaa5967403d082aa24f35e1b516d23) [PhysX] Initialized MultithreadedTaskDispatcher with 16 workers.
 -> (artifact id: 'c1c1248386fc8066a2849cb6a071b3b6') in 0.033993 seconds
Number of updated asset objects reloaded before import = 0
Number of asset objects unloaded after import = 3
========================================================================
Received Import Request.
  Time since last request: 0.000021 seconds.
  path: Assets/Imported Assets/platformer-pack-redux-360-assets/PNG/Enemies/slimeGreen_dead.png
  artifactKey: Guid(23ae611213c38664fbfda219eb100275) Importer(2089858483,0ecaa5967403d082aa24f35e1b516d23)
Start importing Assets/Imported Assets/platformer-pack-redux-360-assets/PNG/Enemies/slimeGreen_dead.png using Guid(23ae611213c38664fbfda219eb100275) Importer(2089858483,0ecaa5967403d082aa24f35e1b516d23) [PhysX] Initialized MultithreadedTaskDispatcher with 16 workers.
 -> (artifact id: 'bac14b0dee5d5030afa3033b0808cbc0') in 0.031285 seconds
Number of updated asset objects reloaded before import = 0
Number of asset objects unloaded after import = 3
========================================================================
Received Import Request.
  Time since last request: 0.000022 seconds.
  path: Assets/Imported Assets/kenney_simplifiedplatformer/PNG/Tiles/platformPack_tile005.png
  artifactKey: Guid(133a28a91500c204fb3738a0af11e793) Importer(2089858483,0ecaa5967403d082aa24f35e1b516d23)
Start importing Assets/Imported Assets/kenney_simplifiedplatformer/PNG/Tiles/platformPack_tile005.png using Guid(133a28a91500c204fb3738a0af11e793) Importer(2089858483,0ecaa5967403d082aa24f35e1b516d23) [PhysX] Initialized MultithreadedTaskDispatcher with 16 workers.
 -> (artifact id: '9772f2a5ad6c5e3db6d53d78e8d7d9cb') in 0.033000 seconds
Number of updated asset objects reloaded before import = 0
Number of asset objects unloaded after import = 3
========================================================================
Received Import Request.
  Time since last request: 0.000020 seconds.
  path: Assets/Imported Assets/kenney_simplifiedplatformer/PNG/Tiles/platformPack_tile046.png
  artifactKey: Guid(dc822c68cbda0f44f83059e8d70698de) Importer(2089858483,0ecaa5967403d082aa24f35e1b516d23)
Start importing Assets/Imported Assets/kenney_simplifiedplatformer/PNG/Tiles/platformPack_tile046.png using Guid(dc822c68cbda0f44f83059e8d70698de) Importer(2089858483,0ecaa5967403d082aa24f35e1b516d23) [PhysX] Initialized MultithreadedTaskDispatcher with 16 workers.
 -> (artifact id: 'ff80c1a38a95982553f1c9685b0bd9be') in 0.031953 seconds
Number of updated asset objects reloaded before import = 0
Number of asset objects unloaded after import = 3
========================================================================
Received Import Request.
  Time since last request: 0.000024 seconds.
  path: Assets/Imported Assets/platformer-pack-redux-360-assets/PNG/Ground/Grass/grassCorner_left.png
  artifactKey: Guid(c2b16fd0c3513194fabeda5d80266876) Importer(2089858483,0ecaa5967403d082aa24f35e1b516d23)
Start importing Assets/Imported Assets/platformer-pack-redux-360-assets/PNG/Ground/Grass/grassCorner_left.png using Guid(c2b16fd0c3513194fabeda5d80266876) Importer(2089858483,0ecaa5967403d082aa24f35e1b516d23) [PhysX] Initialized MultithreadedTaskDispatcher with 16 workers.
 -> (artifact id: '7846ed080a0b202152a6e0c624e31851') in 0.036214 seconds
Number of updated asset objects reloaded before import = 0
Number of asset objects unloaded after import = 3
========================================================================
Received Import Request.
  Time since last request: 0.000494 seconds.
  path: Assets/Imported Assets/kenney_simplifiedplatformer/PNG/Characters/platformChar_walk2.png
  artifactKey: Guid(4d5c51cbbd2b515448d32d8a8231d304) Importer(2089858483,0ecaa5967403d082aa24f35e1b516d23)
Start importing Assets/Imported Assets/kenney_simplifiedplatformer/PNG/Characters/platformChar_walk2.png using Guid(4d5c51cbbd2b515448d32d8a8231d304) Importer(2089858483,0ecaa5967403d082aa24f35e1b516d23) [PhysX] Initialized MultithreadedTaskDispatcher with 16 workers.
 -> (artifact id: '894a6621a9829199eaf41ab1b038e9ed') in 0.031477 seconds
Number of updated asset objects reloaded before import = 0
Number of asset objects unloaded after import = 3
========================================================================
Received Import Request.
  Time since last request: 0.000031 seconds.
  path: Assets/Tilemap/spritesheet_ground_92.asset
  artifactKey: Guid(8a6992dba5365c0458f1cc5bdb45c846) Importer(2089858483,0ecaa5967403d082aa24f35e1b516d23)
Start importing Assets/Tilemap/spritesheet_ground_92.asset using Guid(8a6992dba5365c0458f1cc5bdb45c846) Importer(2089858483,0ecaa5967403d082aa24f35e1b516d23) [PhysX] Initialized MultithreadedTaskDispatcher with 16 workers.
 -> (artifact id: 'db2da56cbcb75020f69c436beadf2ae0') in 0.049649 seconds
Number of updated asset objects reloaded before import = 0
Number of asset objects unloaded after import = 3
========================================================================
Received Import Request.
  Time since last request: 0.000025 seconds.
  path: Assets/Imported Assets/platformer-pack-redux-360-assets/PNG/Ground/Snow/snow.png
  artifactKey: Guid(ce8ad7f88cf866142913a99f4191ab05) Importer(2089858483,0ecaa5967403d082aa24f35e1b516d23)
Start importing Assets/Imported Assets/platformer-pack-redux-360-assets/PNG/Ground/Snow/snow.png using Guid(ce8ad7f88cf866142913a99f4191ab05) Importer(2089858483,0ecaa5967403d082aa24f35e1b516d23) [PhysX] Initialized MultithreadedTaskDispatcher with 16 workers.
 -> (artifact id: '97e29c64160eeb227b6221d727784e3b') in 0.029677 seconds
Number of updated asset objects reloaded before import = 0
Number of asset objects unloaded after import = 3
========================================================================
Received Import Request.
  Time since last request: 0.000022 seconds.
  path: Assets/Imported Assets/platformer-pack-redux-360-assets/PNG/Ground/Sand/sandLeft.png
  artifactKey: Guid(a0b733edddd78c342892b6f7aa4d8c68) Importer(2089858483,0ecaa5967403d082aa24f35e1b516d23)
Start importing Assets/Imported Assets/platformer-pack-redux-360-assets/PNG/Ground/Sand/sandLeft.png using Guid(a0b733edddd78c342892b6f7aa4d8c68) Importer(2089858483,0ecaa5967403d082aa24f35e1b516d23) [PhysX] Initialized MultithreadedTaskDispatcher with 16 workers.
 -> (artifact id: '52f599ec06dc14f3f717a10dd02b9423') in 0.033121 seconds
Number of updated asset objects reloaded before import = 0
Number of asset objects unloaded after import = 3
========================================================================
Received Import Request.
  Time since last request: 0.000019 seconds.
  path: Assets/Imported Assets/platformer-pack-redux-360-assets/PNG/Ground/Sand/sandMid.png
  artifactKey: Guid(d7c6e77e065a2a8498e612e170dad0ca) Importer(2089858483,0ecaa5967403d082aa24f35e1b516d23)
Start importing Assets/Imported Assets/platformer-pack-redux-360-assets/PNG/Ground/Sand/sandMid.png using Guid(d7c6e77e065a2a8498e612e170dad0ca) Importer(2089858483,0ecaa5967403d082aa24f35e1b516d23) [PhysX] Initialized MultithreadedTaskDispatcher with 16 workers.
 -> (artifact id: 'f1f53667249f43c652d85803f9ae97e0') in 0.030575 seconds
Number of updated asset objects reloaded before import = 0
Number of asset objects unloaded after import = 3
========================================================================
Received Import Request.
  Time since last request: 0.000027 seconds.
  path: Assets/Imported Assets/platformer-pack-redux-360-assets/PNG/Ground/Stone/stoneCenter_rounded.png
  artifactKey: Guid(f8b60c6f7c1f09d41a33563a21ce902d) Importer(2089858483,0ecaa5967403d082aa24f35e1b516d23)
Start importing Assets/Imported Assets/platformer-pack-redux-360-assets/PNG/Ground/Stone/stoneCenter_rounded.png using Guid(f8b60c6f7c1f09d41a33563a21ce902d) Importer(2089858483,0ecaa5967403d082aa24f35e1b516d23) [PhysX] Initialized MultithreadedTaskDispatcher with 16 workers.
 -> (artifact id: '196d95f698d27b1e3e80d04a58051173') in 0.031959 seconds
Number of updated asset objects reloaded before import = 0
Number of asset objects unloaded after import = 3
========================================================================
Received Import Request.
  Time since last request: 0.000023 seconds.
  path: Assets/Imported Assets/platformer-pack-redux-360-assets/PNG/Ground/Stone/stoneCliffAlt_left.png
  artifactKey: Guid(f280540e1e5a07849aa64a27a02db954) Importer(2089858483,0ecaa5967403d082aa24f35e1b516d23)
Start importing Assets/Imported Assets/platformer-pack-redux-360-assets/PNG/Ground/Stone/stoneCliffAlt_left.png using Guid(f280540e1e5a07849aa64a27a02db954) Importer(2089858483,0ecaa5967403d082aa24f35e1b516d23) [PhysX] Initialized MultithreadedTaskDispatcher with 16 workers.
 -> (artifact id: '0886bba500a027257fa0728ac3c5eb41') in 0.032575 seconds
Number of updated asset objects reloaded before import = 0
Number of asset objects unloaded after import = 3
========================================================================
Received Import Request.
  Time since last request: 0.000030 seconds.
  path: Assets/Imported Assets/platformer-pack-redux-360-assets/PNG/Ground/Stone/stoneCliffAlt_right.png
  artifactKey: Guid(39873e5065c3a4c4cac5fd6d4e1e7a50) Importer(2089858483,0ecaa5967403d082aa24f35e1b516d23)
Start importing Assets/Imported Assets/platformer-pack-redux-360-assets/PNG/Ground/Stone/stoneCliffAlt_right.png using Guid(39873e5065c3a4c4cac5fd6d4e1e7a50) Importer(2089858483,0ecaa5967403d082aa24f35e1b516d23) [PhysX] Initialized MultithreadedTaskDispatcher with 16 workers.
 -> (artifact id: '590ecf628eeb18938209ccdd6586ef16') in 0.032826 seconds
Number of updated asset objects reloaded before import = 0
Number of asset objects unloaded after import = 3
========================================================================
Received Import Request.
  Time since last request: 0.000019 seconds.
  path: Assets/Imported Assets/platformer-pack-redux-360-assets/PNG/Ground/Planet/planetRight.png
  artifactKey: Guid(13d2a00985ed5764e9dbf7b55aac572d) Importer(2089858483,0ecaa5967403d082aa24f35e1b516d23)
Start importing Assets/Imported Assets/platformer-pack-redux-360-assets/PNG/Ground/Planet/planetRight.png using Guid(13d2a00985ed5764e9dbf7b55aac572d) Importer(2089858483,0ecaa5967403d082aa24f35e1b516d23) [PhysX] Initialized MultithreadedTaskDispatcher with 16 workers.
 -> (artifact id: '76167dff07641a6aeee5bbff7fc77051') in 0.031769 seconds
Number of updated asset objects reloaded before import = 0
Number of asset objects unloaded after import = 3
========================================================================
Received Import Request.
  Time since last request: 0.000024 seconds.
  path: Assets/Imported Assets/platformer-pack-redux-360-assets/PNG/Ground/Stone/stone.png
  artifactKey: Guid(da9db755aa5454f4dbeb7632dfa23dbe) Importer(2089858483,0ecaa5967403d082aa24f35e1b516d23)
Start importing Assets/Imported Assets/platformer-pack-redux-360-assets/PNG/Ground/Stone/stone.png using Guid(da9db755aa5454f4dbeb7632dfa23dbe) Importer(2089858483,0ecaa5967403d082aa24f35e1b516d23) [PhysX] Initialized MultithreadedTaskDispatcher with 16 workers.
 -> (artifact id: '0219ccf8f12bef790bb7d7b1f3d26a66') in 0.033077 seconds
Number of updated asset objects reloaded before import = 0
Number of asset objects unloaded after import = 3
========================================================================
Received Import Request.
  Time since last request: 0.000027 seconds.
  path: Assets/Imported Assets/platformer-pack-redux-360-assets/PNG/Ground/Sand/sandHalf_left.png
  artifactKey: Guid(4b47bef4df68c064fa1a26539bda7b5b) Importer(2089858483,0ecaa5967403d082aa24f35e1b516d23)
Start importing Assets/Imported Assets/platformer-pack-redux-360-assets/PNG/Ground/Sand/sandHalf_left.png using Guid(4b47bef4df68c064fa1a26539bda7b5b) Importer(2089858483,0ecaa5967403d082aa24f35e1b516d23) [PhysX] Initialized MultithreadedTaskDispatcher with 16 workers.
 -> (artifact id: '869d2ce9626e6ac3e2f4e5d91bfde290') in 0.033085 seconds
Number of updated asset objects reloaded before import = 0
Number of asset objects unloaded after import = 3
========================================================================
Received Import Request.
  Time since last request: 0.000030 seconds.
  path: Assets/Imported Assets/platformer-pack-redux-360-assets/PNG/Ground/Snow/snowCenter_rounded.png
  artifactKey: Guid(0936486525238f84a8675f6c20d4ff59) Importer(2089858483,0ecaa5967403d082aa24f35e1b516d23)
Start importing Assets/Imported Assets/platformer-pack-redux-360-assets/PNG/Ground/Snow/snowCenter_rounded.png using Guid(0936486525238f84a8675f6c20d4ff59) Importer(2089858483,0ecaa5967403d082aa24f35e1b516d23) [PhysX] Initialized MultithreadedTaskDispatcher with 16 workers.
 -> (artifact id: 'fd76043bc3f5b972b21744d54fd07fce') in 0.031284 seconds
Number of updated asset objects reloaded before import = 0
Number of asset objects unloaded after import = 3
========================================================================
Received Import Request.
  Time since last request: 0.000023 seconds.
  path: Assets/Imported Assets/platformer-pack-redux-360-assets/PNG/Ground/Sand/sandHalf_mid.png
  artifactKey: Guid(53910c06b15e03647bc4d2acca7fed29) Importer(2089858483,0ecaa5967403d082aa24f35e1b516d23)
Start importing Assets/Imported Assets/platformer-pack-redux-360-assets/PNG/Ground/Sand/sandHalf_mid.png using Guid(53910c06b15e03647bc4d2acca7fed29) Importer(2089858483,0ecaa5967403d082aa24f35e1b516d23) [PhysX] Initialized MultithreadedTaskDispatcher with 16 workers.
 -> (artifact id: '4bdb5ff27c5782cb74cec460a8026056') in 0.032554 seconds
Number of updated asset objects reloaded before import = 0
Number of asset objects unloaded after import = 3
========================================================================
Received Import Request.
  Time since last request: 0.000038 seconds.
  path: Assets/Imported Assets/platformer-pack-redux-360-assets/PNG/Ground/Sand/sandCliff_right.png
  artifactKey: Guid(de4dcc3a3e947c24da7f42a0398f9088) Importer(2089858483,0ecaa5967403d082aa24f35e1b516d23)
Start importing Assets/Imported Assets/platformer-pack-redux-360-assets/PNG/Ground/Sand/sandCliff_right.png using Guid(de4dcc3a3e947c24da7f42a0398f9088) Importer(2089858483,0ecaa5967403d082aa24f35e1b516d23) [PhysX] Initialized MultithreadedTaskDispatcher with 16 workers.
 -> (artifact id: '897f1696af16c570d28aa318e498d106') in 0.033906 seconds
Number of updated asset objects reloaded before import = 0
Number of asset objects unloaded after import = 3
========================================================================
Received Import Request.
  Time since last request: 0.000023 seconds.
  path: Assets/Imported Assets/platformer-pack-redux-360-assets/KEN/alien.ken
  artifactKey: Guid(22389bb99476d134fab0614b38d4e42b) Importer(2089858483,0ecaa5967403d082aa24f35e1b516d23)
Start importing Assets/Imported Assets/platformer-pack-redux-360-assets/KEN/alien.ken using Guid(22389bb99476d134fab0614b38d4e42b) Importer(2089858483,0ecaa5967403d082aa24f35e1b516d23) [PhysX] Initialized MultithreadedTaskDispatcher with 16 workers.
 -> (artifact id: '4aadf0586c256e2e5120c0ed2b3b71f6') in 0.013191 seconds
Number of updated asset objects reloaded before import = 0
Number of asset objects unloaded after import = 1
========================================================================
Received Import Request.
  Time since last request: 0.000030 seconds.
  path: Assets/Imported Assets/kenney_simplifiedplatformer/PNG/Items/platformPack_item003.png
  artifactKey: Guid(08e034eff4064574a88b54a3fcf2f491) Importer(2089858483,0ecaa5967403d082aa24f35e1b516d23)
Start importing Assets/Imported Assets/kenney_simplifiedplatformer/PNG/Items/platformPack_item003.png using Guid(08e034eff4064574a88b54a3fcf2f491) Importer(2089858483,0ecaa5967403d082aa24f35e1b516d23) [PhysX] Initialized MultithreadedTaskDispatcher with 16 workers.
 -> (artifact id: '89525f702261e37a4e50907e549ad481') in 0.036708 seconds
Number of updated asset objects reloaded before import = 0
Number of asset objects unloaded after import = 3
========================================================================
Received Import Request.
  Time since last request: 0.000027 seconds.
  path: Assets/Imported Assets/platformer-pack-redux-360-assets/PNG/Ground/Grass/grassCliff_left.png
  artifactKey: Guid(3ecc2d9f6cc5f8f4b9652458d564f820) Importer(2089858483,0ecaa5967403d082aa24f35e1b516d23)
Start importing Assets/Imported Assets/platformer-pack-redux-360-assets/PNG/Ground/Grass/grassCliff_left.png using Guid(3ecc2d9f6cc5f8f4b9652458d564f820) Importer(2089858483,0ecaa5967403d082aa24f35e1b516d23) [PhysX] Initialized MultithreadedTaskDispatcher with 16 workers.
 -> (artifact id: '002d6ae1e8dd69c6d85f106b93b62085') in 0.034678 seconds
Number of updated asset objects reloaded before import = 0
Number of asset objects unloaded after import = 3
========================================================================
Received Import Request.
  Time since last request: 0.000019 seconds.
  path: Assets/Imported Assets/platformer-pack-redux-360-assets/PNG/Enemies/slimePurple_dead.png
  artifactKey: Guid(1529dce81d0385147b4da6589d461c75) Importer(2089858483,0ecaa5967403d082aa24f35e1b516d23)
Start importing Assets/Imported Assets/platformer-pack-redux-360-assets/PNG/Enemies/slimePurple_dead.png using Guid(1529dce81d0385147b4da6589d461c75) Importer(2089858483,0ecaa5967403d082aa24f35e1b516d23) [PhysX] Initialized MultithreadedTaskDispatcher with 16 workers.
 -> (artifact id: 'aa219d81b93752f9cdc777d793480c05') in 0.034705 seconds
Number of updated asset objects reloaded before import = 0
Number of asset objects unloaded after import = 3
========================================================================
Received Import Request.
  Time since last request: 0.000030 seconds.
  path: Assets/Imported Assets/platformer-pack-redux-360-assets/PNG/Players/128x256/Green/alienGreen_hit.png
  artifactKey: Guid(0b9c9dfd0634e9e44822103c90168c06) Importer(2089858483,0ecaa5967403d082aa24f35e1b516d23)
Start importing Assets/Imported Assets/platformer-pack-redux-360-assets/PNG/Players/128x256/Green/alienGreen_hit.png using Guid(0b9c9dfd0634e9e44822103c90168c06) Importer(2089858483,0ecaa5967403d082aa24f35e1b516d23) [PhysX] Initialized MultithreadedTaskDispatcher with 16 workers.
 -> (artifact id: '6680d8097723dff5fd564d33c0e887d3') in 0.032616 seconds
Number of updated asset objects reloaded before import = 0
Number of asset objects unloaded after import = 3
========================================================================
Received Import Request.
  Time since last request: 0.000021 seconds.
  path: Assets/Imported Assets/platformer-pack-redux-360-assets/PNG/Players/128x256/Yellow/alienYellow_duck.png
  artifactKey: Guid(c91015cf0cb8438419e5f42e5ed9ce5f) Importer(2089858483,0ecaa5967403d082aa24f35e1b516d23)
Start importing Assets/Imported Assets/platformer-pack-redux-360-assets/PNG/Players/128x256/Yellow/alienYellow_duck.png using Guid(c91015cf0cb8438419e5f42e5ed9ce5f) Importer(2089858483,0ecaa5967403d082aa24f35e1b516d23) [PhysX] Initialized MultithreadedTaskDispatcher with 16 workers.
 -> (artifact id: 'e5212af13a8cde4c736d131493b218c2') in 0.035588 seconds
Number of updated asset objects reloaded before import = 0
Number of asset objects unloaded after import = 3
========================================================================
Received Import Request.
  Time since last request: 0.000023 seconds.
  path: Assets/Imported Assets/platformer-pack-redux-360-assets/PNG/Players/128x256/Beige/alienBeige_climb2.png
  artifactKey: Guid(25e183324970e8e479249aca9501cbea) Importer(2089858483,0ecaa5967403d082aa24f35e1b516d23)
Start importing Assets/Imported Assets/platformer-pack-redux-360-assets/PNG/Players/128x256/Beige/alienBeige_climb2.png using Guid(25e183324970e8e479249aca9501cbea) Importer(2089858483,0ecaa5967403d082aa24f35e1b516d23) [PhysX] Initialized MultithreadedTaskDispatcher with 16 workers.
 -> (artifact id: 'daa36b4915e7645d0679957f6cb5bb74') in 0.038431 seconds
Number of updated asset objects reloaded before import = 0
Number of asset objects unloaded after import = 3
========================================================================
Received Import Request.
  Time since last request: 0.000025 seconds.
  path: Assets/Imported Assets/platformer-pack-redux-360-assets/PNG/Players/128x256/Beige/alienBeige_swim1.png
  artifactKey: Guid(b97926d6b6602ca4fb83d79d8f5757a8) Importer(2089858483,0ecaa5967403d082aa24f35e1b516d23)
Start importing Assets/Imported Assets/platformer-pack-redux-360-assets/PNG/Players/128x256/Beige/alienBeige_swim1.png using Guid(b97926d6b6602ca4fb83d79d8f5757a8) Importer(2089858483,0ecaa5967403d082aa24f35e1b516d23) [PhysX] Initialized MultithreadedTaskDispatcher with 16 workers.
 -> (artifact id: '6940ec050a9767c9b904390432e5dc2b') in 0.029474 seconds
Number of updated asset objects reloaded before import = 0
Number of asset objects unloaded after import = 3
========================================================================
Received Import Request.
  Time since last request: 0.000030 seconds.
  path: Assets/Imported Assets/platformer-pack-redux-360-assets/PNG/Players/128x256/Blue/alienBlue_walk2.png
  artifactKey: Guid(a28af275b3ed7874cb18bd1ef1314245) Importer(2089858483,0ecaa5967403d082aa24f35e1b516d23)
Start importing Assets/Imported Assets/platformer-pack-redux-360-assets/PNG/Players/128x256/Blue/alienBlue_walk2.png using Guid(a28af275b3ed7874cb18bd1ef1314245) Importer(2089858483,0ecaa5967403d082aa24f35e1b516d23) [PhysX] Initialized MultithreadedTaskDispatcher with 16 workers.
 -> (artifact id: '8fd6e8e2418c60056163db57f19cacbf') in 0.032984 seconds
Number of updated asset objects reloaded before import = 0
Number of asset objects unloaded after import = 3
========================================================================
Received Import Request.
  Time since last request: 0.000021 seconds.
  path: Assets/Imported Assets/platformer-pack-redux-360-assets/PNG/Players/128x256/Pink/alienPink_jump.png
  artifactKey: Guid(6f015073a1c9efc48839e04291c5e18c) Importer(2089858483,0ecaa5967403d082aa24f35e1b516d23)
Start importing Assets/Imported Assets/platformer-pack-redux-360-assets/PNG/Players/128x256/Pink/alienPink_jump.png using Guid(6f015073a1c9efc48839e04291c5e18c) Importer(2089858483,0ecaa5967403d082aa24f35e1b516d23) [PhysX] Initialized MultithreadedTaskDispatcher with 16 workers.
 -> (artifact id: 'da40efb3d159795f4c26ed5a0d7276fb') in 0.031262 seconds
Number of updated asset objects reloaded before import = 0
Number of asset objects unloaded after import = 3
========================================================================
Received Import Request.
  Time since last request: 0.000020 seconds.
  path: Assets/Imported Assets/platformer-pack-redux-360-assets/PNG/Players/128x256/Blue/alienBlue_duck.png
  artifactKey: Guid(60c631b3b6b785246bfe58a64612194f) Importer(2089858483,0ecaa5967403d082aa24f35e1b516d23)
Start importing Assets/Imported Assets/platformer-pack-redux-360-assets/PNG/Players/128x256/Blue/alienBlue_duck.png using Guid(60c631b3b6b785246bfe58a64612194f) Importer(2089858483,0ecaa5967403d082aa24f35e1b516d23) [PhysX] Initialized MultithreadedTaskDispatcher with 16 workers.
 -> (artifact id: '747fb8881290c8a9bdf841f9e1e0b0fb') in 0.035444 seconds
Number of updated asset objects reloaded before import = 0
Number of asset objects unloaded after import = 3
========================================================================
Received Import Request.
  Time since last request: 0.000024 seconds.
  path: Assets/Imported Assets/platformer-pack-redux-360-assets/PNG/Players/128x256/Blue/alienBlue_front.png
  artifactKey: Guid(4a071b2d9e20af640b52dc2f9e293817) Importer(2089858483,0ecaa5967403d082aa24f35e1b516d23)
Start importing Assets/Imported Assets/platformer-pack-redux-360-assets/PNG/Players/128x256/Blue/alienBlue_front.png using Guid(4a071b2d9e20af640b52dc2f9e293817) Importer(2089858483,0ecaa5967403d082aa24f35e1b516d23) [PhysX] Initialized MultithreadedTaskDispatcher with 16 workers.
 -> (artifact id: 'e9aa7fcddcf6c6803b6005a3c807b146') in 0.034489 seconds
Number of updated asset objects reloaded before import = 0
Number of asset objects unloaded after import = 3
========================================================================
Received Import Request.
  Time since last request: 0.000020 seconds.
  path: Assets/Imported Assets/platformer-pack-redux-360-assets/PNG/Players/128x256/Green/alienGreen_swim1.png
  artifactKey: Guid(6b1bd59138f096f499adc24fa221f0d4) Importer(2089858483,0ecaa5967403d082aa24f35e1b516d23)
Start importing Assets/Imported Assets/platformer-pack-redux-360-assets/PNG/Players/128x256/Green/alienGreen_swim1.png using Guid(6b1bd59138f096f499adc24fa221f0d4) Importer(2089858483,0ecaa5967403d082aa24f35e1b516d23) [PhysX] Initialized MultithreadedTaskDispatcher with 16 workers.
 -> (artifact id: 'e8a79d59da584107712908438d0be9d3') in 0.032953 seconds
Number of updated asset objects reloaded before import = 0
Number of asset objects unloaded after import = 3
========================================================================
Received Import Request.
  Time since last request: 0.000021 seconds.
  path: Assets/Imported Assets/platformer-pack-redux-360-assets/PNG/Players/128x256/Pink/alienPink_swim2.png
  artifactKey: Guid(89219f7422f0f544e907cadddc8dba72) Importer(2089858483,0ecaa5967403d082aa24f35e1b516d23)
Start importing Assets/Imported Assets/platformer-pack-redux-360-assets/PNG/Players/128x256/Pink/alienPink_swim2.png using Guid(89219f7422f0f544e907cadddc8dba72) Importer(2089858483,0ecaa5967403d082aa24f35e1b516d23) [PhysX] Initialized MultithreadedTaskDispatcher with 16 workers.
 -> (artifact id: 'c10fb79528d71a95f71dda1871bfe602') in 0.033129 seconds
Number of updated asset objects reloaded before import = 0
Number of asset objects unloaded after import = 3
========================================================================
Received Import Request.
  Time since last request: 0.000019 seconds.
  path: Assets/Imported Assets/platformer-pack-redux-360-assets/PNG/Players/128x256/Green/alienGreen_walk1.png
  artifactKey: Guid(389a41ebcd801c646a59395633a3356c) Importer(2089858483,0ecaa5967403d082aa24f35e1b516d23)
Start importing Assets/Imported Assets/platformer-pack-redux-360-assets/PNG/Players/128x256/Green/alienGreen_walk1.png using Guid(389a41ebcd801c646a59395633a3356c) Importer(2089858483,0ecaa5967403d082aa24f35e1b516d23) [PhysX] Initialized MultithreadedTaskDispatcher with 16 workers.
 -> (artifact id: '25f78b0d4bce6327db8826d39cc958a0') in 0.034562 seconds
Number of updated asset objects reloaded before import = 0
Number of asset objects unloaded after import = 3
========================================================================
Received Import Request.
  Time since last request: 0.000035 seconds.
  path: Assets/Imported Assets/platformer-pack-redux-360-assets/PNG/Players/128x256/Pink/alienPink_climb1.png
  artifactKey: Guid(c94d0b0a793037249b161fdcbef0c7b7) Importer(2089858483,0ecaa5967403d082aa24f35e1b516d23)
Start importing Assets/Imported Assets/platformer-pack-redux-360-assets/PNG/Players/128x256/Pink/alienPink_climb1.png using Guid(c94d0b0a793037249b161fdcbef0c7b7) Importer(2089858483,0ecaa5967403d082aa24f35e1b516d23) [PhysX] Initialized MultithreadedTaskDispatcher with 16 workers.
 -> (artifact id: 'ca02528f9a54791aa61e0f88a4ebb1f3') in 0.031542 seconds
Number of updated asset objects reloaded before import = 0
Number of asset objects unloaded after import = 3
========================================================================
Received Import Request.
  Time since last request: 0.000046 seconds.
  path: Assets/Imported Assets/platformer-pack-redux-360-assets/PNG/Ground/Stone/stoneHill_right.png
  artifactKey: Guid(b174f92ca6e84bf4ba76293ee0f65551) Importer(2089858483,0ecaa5967403d082aa24f35e1b516d23)
Start importing Assets/Imported Assets/platformer-pack-redux-360-assets/PNG/Ground/Stone/stoneHill_right.png using Guid(b174f92ca6e84bf4ba76293ee0f65551) Importer(2089858483,0ecaa5967403d082aa24f35e1b516d23) [PhysX] Initialized MultithreadedTaskDispatcher with 16 workers.
 -> (artifact id: '0c32357eae58cd672af800c0b479f680') in 0.031981 seconds
Number of updated asset objects reloaded before import = 0
Number of asset objects unloaded after import = 3
========================================================================
Received Import Request.
  Time since last request: 0.000024 seconds.
  path: Assets/Imported Assets/platformer-pack-redux-360-assets/PNG/Players/128x256/Green/alienGreen_stand.png
  artifactKey: Guid(3e4a1e9af2f09e94f8e05b16577c3c2e) Importer(2089858483,0ecaa5967403d082aa24f35e1b516d23)
Start importing Assets/Imported Assets/platformer-pack-redux-360-assets/PNG/Players/128x256/Green/alienGreen_stand.png using Guid(3e4a1e9af2f09e94f8e05b16577c3c2e) Importer(2089858483,0ecaa5967403d082aa24f35e1b516d23) [PhysX] Initialized MultithreadedTaskDispatcher with 16 workers.
 -> (artifact id: 'e6575c3c02776371fd002beca37d80f3') in 0.037156 seconds
Number of updated asset objects reloaded before import = 0
Number of asset objects unloaded after import = 3
========================================================================
Received Import Request.
  Time since last request: 0.000023 seconds.
  path: Assets/Imported Assets/platformer-pack-redux-360-assets/PNG/Players/128x256/Beige/alienBeige_swim2.png
  artifactKey: Guid(d28b7adbdc718d64ba67a65de4341e1e) Importer(2089858483,0ecaa5967403d082aa24f35e1b516d23)
Start importing Assets/Imported Assets/platformer-pack-redux-360-assets/PNG/Players/128x256/Beige/alienBeige_swim2.png using Guid(d28b7adbdc718d64ba67a65de4341e1e) Importer(2089858483,0ecaa5967403d082aa24f35e1b516d23) [PhysX] Initialized MultithreadedTaskDispatcher with 16 workers.
 -> (artifact id: '3c47037c7de2633f9bc0f3962b31f5ef') in 0.030554 seconds
Number of updated asset objects reloaded before import = 0
Number of asset objects unloaded after import = 3
========================================================================
Received Import Request.
  Time since last request: 0.000020 seconds.
  path: Assets/Imported Assets/platformer-pack-redux-360-assets/PNG/Players/Variable sizes/Beige/alienBiege_hit.png
  artifactKey: Guid(6a928a09783da8b4b931b201d1a9099d) Importer(2089858483,0ecaa5967403d082aa24f35e1b516d23)
Start importing Assets/Imported Assets/platformer-pack-redux-360-assets/PNG/Players/Variable sizes/Beige/alienBiege_hit.png using Guid(6a928a09783da8b4b931b201d1a9099d) Importer(2089858483,0ecaa5967403d082aa24f35e1b516d23) [PhysX] Initialized MultithreadedTaskDispatcher with 16 workers.
 -> (artifact id: '059409cf8010fd8f5bb960666144f924') in 0.037728 seconds
Number of updated asset objects reloaded before import = 0
Number of asset objects unloaded after import = 3
========================================================================
Received Import Request.
  Time since last request: 0.000020 seconds.
  path: Assets/Imported Assets/platformer-pack-redux-360-assets/PNG/Players/Variable sizes/Yellow/alienYellow_walk1.png
  artifactKey: Guid(aa4edadfb9346d642ab6e17a83ad527f) Importer(2089858483,0ecaa5967403d082aa24f35e1b516d23)
Start importing Assets/Imported Assets/platformer-pack-redux-360-assets/PNG/Players/Variable sizes/Yellow/alienYellow_walk1.png using Guid(aa4edadfb9346d642ab6e17a83ad527f) Importer(2089858483,0ecaa5967403d082aa24f35e1b516d23) [PhysX] Initialized MultithreadedTaskDispatcher with 16 workers.
 -> (artifact id: 'd6ec74256c6a3b2cad2551038941e4e6') in 0.032707 seconds
Number of updated asset objects reloaded before import = 0
Number of asset objects unloaded after import = 3
========================================================================
Received Import Request.
  Time since last request: 0.000042 seconds.
  path: Assets/Imported Assets/platformer-pack-redux-360-assets/PNG/Players/Variable sizes/Beige/alienBiege_walk1.png
  artifactKey: Guid(6765faea0f99e2140804d4cbb93caff2) Importer(2089858483,0ecaa5967403d082aa24f35e1b516d23)
Start importing Assets/Imported Assets/platformer-pack-redux-360-assets/PNG/Players/Variable sizes/Beige/alienBiege_walk1.png using Guid(6765faea0f99e2140804d4cbb93caff2) Importer(2089858483,0ecaa5967403d082aa24f35e1b516d23) [PhysX] Initialized MultithreadedTaskDispatcher with 16 workers.
 -> (artifact id: '02bd868759e2c76fda315c6cd630cd0a') in 0.035212 seconds
Number of updated asset objects reloaded before import = 0
Number of asset objects unloaded after import = 3
========================================================================
Received Import Request.
  Time since last request: 0.000021 seconds.
  path: Assets/Imported Assets/platformer-pack-redux-360-assets/PNG/Players/Variable sizes/Yellow/alienYellow_swim1.png
  artifactKey: Guid(aee8764aa5af684459343639ececc5bb) Importer(2089858483,0ecaa5967403d082aa24f35e1b516d23)
Start importing Assets/Imported Assets/platformer-pack-redux-360-assets/PNG/Players/Variable sizes/Yellow/alienYellow_swim1.png using Guid(aee8764aa5af684459343639ececc5bb) Importer(2089858483,0ecaa5967403d082aa24f35e1b516d23) [PhysX] Initialized MultithreadedTaskDispatcher with 16 workers.
 -> (artifact id: '291be50f19d722de4567ce2aede5a7ea') in 0.032952 seconds
Number of updated asset objects reloaded before import = 0
Number of asset objects unloaded after import = 3
========================================================================
Received Import Request.
  Time since last request: 0.000033 seconds.
  path: Assets/Imported Assets/platformer-pack-redux-360-assets/PNG/Players/Variable sizes/Green/alienGreen_walk2.png
  artifactKey: Guid(a3cff0282a8a26143b488e1b6cbd0d9b) Importer(2089858483,0ecaa5967403d082aa24f35e1b516d23)
Start importing Assets/Imported Assets/platformer-pack-redux-360-assets/PNG/Players/Variable sizes/Green/alienGreen_walk2.png using Guid(a3cff0282a8a26143b488e1b6cbd0d9b) Importer(2089858483,0ecaa5967403d082aa24f35e1b516d23) [PhysX] Initialized MultithreadedTaskDispatcher with 16 workers.
 -> (artifact id: 'cc39bdf1c3c6fdb1e90034f16773e85f') in 0.033069 seconds
Number of updated asset objects reloaded before import = 0
Number of asset objects unloaded after import = 3
========================================================================
Received Import Request.
  Time since last request: 0.000027 seconds.
  path: Assets/Imported Assets/platformer-pack-redux-360-assets/PNG/Players/Variable sizes/Yellow/alienYellow_swim2.png
  artifactKey: Guid(5bda2136669521c4c831743c5c71a274) Importer(2089858483,0ecaa5967403d082aa24f35e1b516d23)
Start importing Assets/Imported Assets/platformer-pack-redux-360-assets/PNG/Players/Variable sizes/Yellow/alienYellow_swim2.png using Guid(5bda2136669521c4c831743c5c71a274) Importer(2089858483,0ecaa5967403d082aa24f35e1b516d23) [PhysX] Initialized MultithreadedTaskDispatcher with 16 workers.
 -> (artifact id: '965a1d949e736717cc2acfa3932e902c') in 0.034120 seconds
Number of updated asset objects reloaded before import = 0
Number of asset objects unloaded after import = 3
========================================================================
Received Import Request.
  Time since last request: 0.000034 seconds.
  path: Assets/Imported Assets/platformer-pack-redux-360-assets/PNG/Players/Variable sizes/Blue/alienBlue_hit.png
  artifactKey: Guid(56411b0ca1473604ba71c1f5ac7ce844) Importer(2089858483,0ecaa5967403d082aa24f35e1b516d23)
Start importing Assets/Imported Assets/platformer-pack-redux-360-assets/PNG/Players/Variable sizes/Blue/alienBlue_hit.png using Guid(56411b0ca1473604ba71c1f5ac7ce844) Importer(2089858483,0ecaa5967403d082aa24f35e1b516d23) [PhysX] Initialized MultithreadedTaskDispatcher with 16 workers.
 -> (artifact id: 'fa13aba2366e3ec618222d8530338558') in 0.035091 seconds
Number of updated asset objects reloaded before import = 0
Number of asset objects unloaded after import = 3
========================================================================
Received Import Request.
  Time since last request: 0.000023 seconds.
  path: Assets/Imported Assets/platformer-pack-redux-360-assets/PNG/Players/Variable sizes/Pink/alienPink_front.png
  artifactKey: Guid(57ecdf52a3d0b4d4da127d8513af794b) Importer(2089858483,0ecaa5967403d082aa24f35e1b516d23)
Start importing Assets/Imported Assets/platformer-pack-redux-360-assets/PNG/Players/Variable sizes/Pink/alienPink_front.png using Guid(57ecdf52a3d0b4d4da127d8513af794b) Importer(2089858483,0ecaa5967403d082aa24f35e1b516d23) [PhysX] Initialized MultithreadedTaskDispatcher with 16 workers.
 -> (artifact id: 'cff59598a7a84b1bfe7b7e954ca354de') in 0.036348 seconds
Number of updated asset objects reloaded before import = 0
Number of asset objects unloaded after import = 3
========================================================================
Received Import Request.
  Time since last request: 0.000020 seconds.
  path: Assets/Imported Assets/platformer-pack-redux-360-assets/PNG/Players/Variable sizes/Pink/alienPink_walk2.png
  artifactKey: Guid(ad2b76f38d5082f4f91ea4145321334d) Importer(2089858483,0ecaa5967403d082aa24f35e1b516d23)
Start importing Assets/Imported Assets/platformer-pack-redux-360-assets/PNG/Players/Variable sizes/Pink/alienPink_walk2.png using Guid(ad2b76f38d5082f4f91ea4145321334d) Importer(2089858483,0ecaa5967403d082aa24f35e1b516d23) [PhysX] Initialized MultithreadedTaskDispatcher with 16 workers.
 -> (artifact id: 'c2db71a682976dc4c1b6a4d40ed85a2d') in 0.034015 seconds
Number of updated asset objects reloaded before import = 0
Number of asset objects unloaded after import = 3
========================================================================
Received Import Request.
  Time since last request: 0.000021 seconds.
  path: Assets/Imported Assets/platformer-pack-redux-360-assets/PNG/Players/Variable sizes/Beige/alienBiege_swim2.png
  artifactKey: Guid(7a3fc3b45c064084998965460859dd15) Importer(2089858483,0ecaa5967403d082aa24f35e1b516d23)
Start importing Assets/Imported Assets/platformer-pack-redux-360-assets/PNG/Players/Variable sizes/Beige/alienBiege_swim2.png using Guid(7a3fc3b45c064084998965460859dd15) Importer(2089858483,0ecaa5967403d082aa24f35e1b516d23) [PhysX] Initialized MultithreadedTaskDispatcher with 16 workers.
 -> (artifact id: '87f573cd827015986d75d9c0f7055ccd') in 0.033633 seconds
Number of updated asset objects reloaded before import = 0
Number of asset objects unloaded after import = 3
========================================================================
Received Import Request.
  Time since last request: 0.000027 seconds.
  path: Assets/Imported Assets/platformer-pack-redux-360-assets/PNG/Players/Variable sizes/Blue/alienBlue_stand.png
  artifactKey: Guid(870cd0f58243a5b47ae4d7f762477f9e) Importer(2089858483,0ecaa5967403d082aa24f35e1b516d23)
Start importing Assets/Imported Assets/platformer-pack-redux-360-assets/PNG/Players/Variable sizes/Blue/alienBlue_stand.png using Guid(870cd0f58243a5b47ae4d7f762477f9e) Importer(2089858483,0ecaa5967403d082aa24f35e1b516d23) [PhysX] Initialized MultithreadedTaskDispatcher with 16 workers.
 -> (artifact id: 'd769401a54c314e59d8a94bee97b964d') in 0.031882 seconds
Number of updated asset objects reloaded before import = 0
Number of asset objects unloaded after import = 3
========================================================================
Received Import Request.
  Time since last request: 0.000031 seconds.
  path: Assets/Imported Assets/platformer-pack-redux-360-assets/PNG/Players/Variable sizes/Green/alienGreen_duck.png
  artifactKey: Guid(37201d5b91c01ad4da4bc202192f62f5) Importer(2089858483,0ecaa5967403d082aa24f35e1b516d23)
Start importing Assets/Imported Assets/platformer-pack-redux-360-assets/PNG/Players/Variable sizes/Green/alienGreen_duck.png using Guid(37201d5b91c01ad4da4bc202192f62f5) Importer(2089858483,0ecaa5967403d082aa24f35e1b516d23) [PhysX] Initialized MultithreadedTaskDispatcher with 16 workers.
 -> (artifact id: 'b783c8298102a6e4731d2016e57b6b8c') in 0.034527 seconds
Number of updated asset objects reloaded before import = 0
Number of asset objects unloaded after import = 3
========================================================================
Received Import Request.
  Time since last request: 0.000034 seconds.
  path: Assets/Imported Assets/platformer-pack-redux-360-assets/PNG/Ground/Stone/stoneLeft.png
  artifactKey: Guid(6c7766577f358384ab34d2a4cbe00d7f) Importer(2089858483,0ecaa5967403d082aa24f35e1b516d23)
Start importing Assets/Imported Assets/platformer-pack-redux-360-assets/PNG/Ground/Stone/stoneLeft.png using Guid(6c7766577f358384ab34d2a4cbe00d7f) Importer(2089858483,0ecaa5967403d082aa24f35e1b516d23) [PhysX] Initialized MultithreadedTaskDispatcher with 16 workers.
 -> (artifact id: '510a552310a2e6dbe3f8179ed82cd475') in 0.032868 seconds
Number of updated asset objects reloaded before import = 0
Number of asset objects unloaded after import = 3
========================================================================
Received Import Request.
  Time since last request: 0.000023 seconds.
  path: Assets/Imported Assets/platformer-pack-redux-360-assets/PNG/Players/128x256/Beige/alienBeige_stand.png
  artifactKey: Guid(8a08566864605634b97d53da4e08921c) Importer(2089858483,0ecaa5967403d082aa24f35e1b516d23)
Start importing Assets/Imported Assets/platformer-pack-redux-360-assets/PNG/Players/128x256/Beige/alienBeige_stand.png using Guid(8a08566864605634b97d53da4e08921c) Importer(2089858483,0ecaa5967403d082aa24f35e1b516d23) [PhysX] Initialized MultithreadedTaskDispatcher with 16 workers.
 -> (artifact id: 'f81123ec6210801157ec820dd017c5b4') in 0.033310 seconds
Number of updated asset objects reloaded before import = 0
Number of asset objects unloaded after import = 3
========================================================================
Received Import Request.
  Time since last request: 0.000025 seconds.
  path: Assets/Imported Assets/platformer-pack-redux-360-assets/PNG/HUD/hudHeart_empty.png
  artifactKey: Guid(2b1b75f4ea70ec24c8eeb5db242d0201) Importer(2089858483,0ecaa5967403d082aa24f35e1b516d23)
Start importing Assets/Imported Assets/platformer-pack-redux-360-assets/PNG/HUD/hudHeart_empty.png using Guid(2b1b75f4ea70ec24c8eeb5db242d0201) Importer(2089858483,0ecaa5967403d082aa24f35e1b516d23) [PhysX] Initialized MultithreadedTaskDispatcher with 16 workers.
 -> (artifact id: '24683bbb22c8a918a8c672097d08b323') in 0.033383 seconds
Number of updated asset objects reloaded before import = 0
Number of asset objects unloaded after import = 3
========================================================================
Received Import Request.
  Time since last request: 0.000019 seconds.
  path: Assets/Imported Assets/platformer-pack-redux-360-assets/Vector/vector_backgrounds.swf
  artifactKey: Guid(2d7efae95134eb4449c88562ff646184) Importer(2089858483,0ecaa5967403d082aa24f35e1b516d23)
Start importing Assets/Imported Assets/platformer-pack-redux-360-assets/Vector/vector_backgrounds.swf using Guid(2d7efae95134eb4449c88562ff646184) Importer(2089858483,0ecaa5967403d082aa24f35e1b516d23) [PhysX] Initialized MultithreadedTaskDispatcher with 16 workers.
 -> (artifact id: '317e6345a2e70d66fd707da00dbc9029') in 0.012520 seconds
Number of updated asset objects reloaded before import = 0
Number of asset objects unloaded after import = 1
========================================================================
Received Import Request.
  Time since last request: 0.000021 seconds.
  path: Assets/Imported Assets/platformer-pack-redux-360-assets/PNG/Tiles/brickGrey.png
  artifactKey: Guid(ee5bd095656e2854498d24703d7aeb9f) Importer(2089858483,0ecaa5967403d082aa24f35e1b516d23)
Start importing Assets/Imported Assets/platformer-pack-redux-360-assets/PNG/Tiles/brickGrey.png using Guid(ee5bd095656e2854498d24703d7aeb9f) Importer(2089858483,0ecaa5967403d082aa24f35e1b516d23) [PhysX] Initialized MultithreadedTaskDispatcher with 16 workers.
 -> (artifact id: '350ce8dc2224b48188aa4b65569747d4') in 0.034696 seconds
Number of updated asset objects reloaded before import = 0
Number of asset objects unloaded after import = 3
========================================================================
Received Import Request.
  Time since last request: 0.000024 seconds.
  path: Assets/Tilemap/spritesheet_ground_64.asset
  artifactKey: Guid(43a7bd1854af3de458615ac06a45cb56) Importer(2089858483,0ecaa5967403d082aa24f35e1b516d23)
Start importing Assets/Tilemap/spritesheet_ground_64.asset using Guid(43a7bd1854af3de458615ac06a45cb56) Importer(2089858483,0ecaa5967403d082aa24f35e1b516d23) [PhysX] Initialized MultithreadedTaskDispatcher with 16 workers.
 -> (artifact id: '79cde3fc889ddc8af33855f72f297ac5') in 0.025813 seconds
Number of updated asset objects reloaded before import = 0
Number of asset objects unloaded after import = 3
========================================================================
Received Import Request.
  Time since last request: 0.000026 seconds.
  path: Assets/Tilemap/spritesheet_ground_50.asset
  artifactKey: Guid(5332c3d3a7f34f24bbb11ea82d3499f7) Importer(2089858483,0ecaa5967403d082aa24f35e1b516d23)
Start importing Assets/Tilemap/spritesheet_ground_50.asset using Guid(5332c3d3a7f34f24bbb11ea82d3499f7) Importer(2089858483,0ecaa5967403d082aa24f35e1b516d23) [PhysX] Initialized MultithreadedTaskDispatcher with 16 workers.
 -> (artifact id: '2ba9016637a48bfd075006e36d03f3e3') in 0.027043 seconds
Number of updated asset objects reloaded before import = 0
Number of asset objects unloaded after import = 3
========================================================================
Received Import Request.
  Time since last request: 0.000305 seconds.
  path: Assets/Tilemap/spritesheet_ground_42.asset
  artifactKey: Guid(c8cfdcedf75874d4aa7716252e6a9597) Importer(2089858483,0ecaa5967403d082aa24f35e1b516d23)
Start importing Assets/Tilemap/spritesheet_ground_42.asset using Guid(c8cfdcedf75874d4aa7716252e6a9597) Importer(2089858483,0ecaa5967403d082aa24f35e1b516d23) [PhysX] Initialized MultithreadedTaskDispatcher with 16 workers.
 -> (artifact id: 'bc441af4c0020b2ff08ef39ca2a0193b') in 0.025864 seconds
Number of updated asset objects reloaded before import = 0
Number of asset objects unloaded after import = 3
========================================================================
Received Import Request.
  Time since last request: 0.000048 seconds.
  path: Assets/Imported Assets/platformer-pack-redux-360-assets/PNG/HUD/hudKey_blue.png
  artifactKey: Guid(ad79958759cabd44cbf5ed059bdbd2d3) Importer(2089858483,0ecaa5967403d082aa24f35e1b516d23)
Start importing Assets/Imported Assets/platformer-pack-redux-360-assets/PNG/HUD/hudKey_blue.png using Guid(ad79958759cabd44cbf5ed059bdbd2d3) Importer(2089858483,0ecaa5967403d082aa24f35e1b516d23) [PhysX] Initialized MultithreadedTaskDispatcher with 16 workers.
 -> (artifact id: '21c7722b2ee3a5c50fe83b1d4b5e6b4e') in 0.034118 seconds
Number of updated asset objects reloaded before import = 0
Number of asset objects unloaded after import = 3
========================================================================
Received Import Request.
  Time since last request: 0.000021 seconds.
  path: Assets/Imported Assets/platformer-pack-redux-360-assets/PNG/Items/flagBlue_down.png
  artifactKey: Guid(04a31a8947452c44287af883ff9110b1) Importer(2089858483,0ecaa5967403d082aa24f35e1b516d23)
Start importing Assets/Imported Assets/platformer-pack-redux-360-assets/PNG/Items/flagBlue_down.png using Guid(04a31a8947452c44287af883ff9110b1) Importer(2089858483,0ecaa5967403d082aa24f35e1b516d23) [PhysX] Initialized MultithreadedTaskDispatcher with 16 workers.
 -> (artifact id: '3cf1e06e6ec3570e3530922e3a88da03') in 0.032595 seconds
Number of updated asset objects reloaded before import = 0
Number of asset objects unloaded after import = 3
========================================================================
Received Import Request.
  Time since last request: 0.000025 seconds.
  path: Assets/Tilemap/spritesheet_ground_24.asset
  artifactKey: Guid(32baf789195228e42806bc30fdb21478) Importer(2089858483,0ecaa5967403d082aa24f35e1b516d23)
Start importing Assets/Tilemap/spritesheet_ground_24.asset using Guid(32baf789195228e42806bc30fdb21478) Importer(2089858483,0ecaa5967403d082aa24f35e1b516d23) [PhysX] Initialized MultithreadedTaskDispatcher with 16 workers.
 -> (artifact id: 'c07d0fb89270b934f8e7361188f206f6') in 0.022941 seconds
Number of updated asset objects reloaded before import = 0
Number of asset objects unloaded after import = 3
Editor requested this worker to shutdown with reason: Scaling down because of idle timeout
TcpMessagingSession - receive error: operation aborted. errorcode: 995, details: De I/O-bewerking is afgebroken vanwege het afsluiten van een thread of vanwege een opdracht van een toepassing.
AssetImportWorker is now disconnected from the server
Process exiting
Exiting without the bug reporter. Application will terminate with return code 0